Using pre-set license
Built from '6000.1/staging' branch; Version is '6000.1.13f1 (418bd0acaa6b) revision 4295632'; Using compiler version '194234433'; Build Type 'Release'
OS: 'Windows 11  (10.0.26100) 64bit Education' Language: 'ko' Physical Memory: 32682 MB
BatchMode: 1, IsHumanControllingUs: 0, StartBugReporterOnCrash: 0, Is64bit: 1, IsPro: 1
Date: 2025-07-24T13:36:59Z

COMMAND LINE ARGUMENTS:
C:\Unity Editor\6000.1.13f1\Editor\Unity.exe
-adb2
-batchMode
-noUpm
-name
AssetImportWorker3
-projectPath
C:/Unity Project/Isometric
-logFile
Logs/AssetImportWorker3.log
-srvPort
58625
-job-worker-count
5
-background-job-worker-count
8
-gc-helper-count
1
-name
AssetImport
Successfully changed project path to: C:/Unity Project/Isometric
C:/Unity Project/Isometric
[UnityMemory] Configuration Parameters - Can be set up in boot.config
    "memorysetup-allocator-temp-initial-block-size-main=262144"
    "memorysetup-allocator-temp-initial-block-size-worker=262144"
    "memorysetup-bucket-allocator-granularity=16"
    "memorysetup-bucket-allocator-bucket-count=8"
    "memorysetup-bucket-allocator-block-size=33554432"
    "memorysetup-bucket-allocator-block-count=8"
    "memorysetup-main-allocator-block-size=16777216"
    "memorysetup-thread-allocator-block-size=16777216"
    "memorysetup-gfx-main-allocator-block-size=16777216"
    "memorysetup-gfx-thread-allocator-block-size=16777216"
    "memorysetup-cache-allocator-block-size=4194304"
    "memorysetup-typetree-allocator-block-size=2097152"
    "memorysetup-profiler-bucket-allocator-granularity=16"
    "memorysetup-profiler-bucket-allocator-bucket-count=8"
    "memorysetup-profiler-bucket-allocator-block-size=33554432"
    "memorysetup-profiler-bucket-allocator-block-count=8"
    "memorysetup-profiler-allocator-block-size=16777216"
    "memorysetup-profiler-editor-allocator-block-size=1048576"
    "memorysetup-temp-allocator-size-main=16777216"
    "memorysetup-job-temp-allocator-block-size=2097152"
    "memorysetup-job-temp-allocator-block-size-background=1048576"
    "memorysetup-job-temp-allocator-reduction-small-platforms=262144"
    "memorysetup-temp-allocator-size-background-worker=32768"
    "memorysetup-temp-allocator-size-job-worker=262144"
    "memorysetup-temp-allocator-size-preload-manager=33554432"
    "memorysetup-temp-allocator-size-nav-mesh-worker=65536"
    "memorysetup-temp-allocator-size-audio-worker=65536"
    "memorysetup-temp-allocator-size-cloud-worker=32768"
    "memorysetup-temp-allocator-size-gi-baking-worker=262144"
    "memorysetup-temp-allocator-size-gi-baking-worker=262144"
    "memorysetup-temp-allocator-size-gi-baking-worker=262144"
    "memorysetup-temp-allocator-size-gi-baking-worker=262144"
    "memorysetup-temp-allocator-size-gi-baking-worker=262144"
    "memorysetup-temp-allocator-size-gfx=262144"
Player connection [6540]  Target information:

Player connection [6540]  * "[IP] 192.168.219.104 [Port] 0 [Flags] 2 [Guid] 3602992000 [EditorId] 3602992000 [Version] 1048832 [Id] WindowsEditor(7,DESKTOP-U1O58T1) [Debug] 1 [PackageName] WindowsEditor [ProjectName] Editor" 

Player connection [6540] Host joined multi-casting on [225.0.0.222:54997]...
Player connection [6540] Host joined alternative multi-casting on [225.0.0.222:34997]...
JobSystem: Creating JobQueue using job-worker-count value 5
Input System module state changed to: Initialized.
[Physics::Module] Initialized fallback backend.
[Physics::Module] Id: 0xdecafbad
Library Redirect Path: Library/
[Physics::Module] Selected backend.
[Physics::Module] Name: PhysX
[Physics::Module] Id: 0xf2b8ea05
[Physics::Module] SDK Version: 4.1.2
[Physics::Module] Integration Version: 1.0.0
[Physics::Module] Threading Mode: Multi-Threaded
Refreshing native plugins compatible for Editor in 3.93 ms, found 3 plugins.
Preloading 0 native plugins for Editor in 0.00 ms.
Initialize engine version: 6000.1.13f1 (418bd0acaa6b)
[Subsystems] Discovering subsystems at path C:/Unity Editor/6000.1.13f1/Editor/Data/Resources/UnitySubsystems
[Subsystems] Discovering subsystems at path C:/Unity Project/Isometric/Assets
GfxDevice: creating device client; kGfxThreadingModeNonThreaded
Direct3D:
    Version:         Direct3D 12 [level 12.1]
    Renderer:        NVIDIA GeForce RTX 3060 Ti (ID=0x2489)
    Vendor:          NVIDIA
    VRAM:            8024 MB
    App VRAM Budget: 7256 MB
    Driver:          32.0.15.6094
Initialize mono
Mono path[0] = 'C:/Unity Editor/6000.1.13f1/Editor/Data/Managed'
Mono path[1] = 'C:/Unity Editor/6000.1.13f1/Editor/Data/MonoBleedingEdge/lib/mono/unityjit-win32'
Mono config path = 'C:/Unity Editor/6000.1.13f1/Editor/Data/MonoBleedingEdge/etc'
Using monoOptions --debugger-agent=transport=dt_socket,embedding=1,server=y,suspend=n,address=127.0.0.1:56004
Begin MonoManager ReloadAssembly
Registering precompiled unity dll's ...
Register platform support module: C:/Unity Editor/6000.1.13f1/Editor/Data/PlaybackEngines/WindowsStandaloneSupport/UnityEditor.WindowsStandalone.Extensions.dll
Registered in 0.006127 seconds.
- Loaded All Assemblies, in  0.609 seconds
Native extension for WindowsStandalone target not found
Mono: successfully reloaded assembly
- Finished resetting the current domain, in  0.470 seconds
Domain Reload Profiling: 1072ms
	BeginReloadAssembly (231ms)
		ExecutionOrderSort (0ms)
		DisableScriptedObjects (0ms)
		BackupInstance (0ms)
		ReleaseScriptingObjects (0ms)
		CreateAndSetChildDomain (1ms)
	RebuildCommonClasses (58ms)
	RebuildNativeTypeToScriptingClass (18ms)
	initialDomainReloadingComplete (74ms)
	LoadAllAssembliesAndSetupDomain (220ms)
		LoadAssemblies (221ms)
		RebuildTransferFunctionScriptingTraits (0ms)
		AnalyzeDomain (215ms)
			TypeCache.Refresh (214ms)
				TypeCache.ScanAssembly (194ms)
			BuildScriptInfoCaches (0ms)
			ResolveRequiredComponents (1ms)
	FinalizeReload (471ms)
		ReleaseScriptCaches (0ms)
		RebuildScriptCaches (0ms)
		SetupLoadedEditorAssemblies (415ms)
			LogAssemblyErrors (0ms)
			InitializePlatformSupportModulesInManaged (82ms)
			SetLoadedEditorAssemblies (5ms)
			BeforeProcessingInitializeOnLoad (100ms)
			ProcessInitializeOnLoadAttributes (160ms)
			ProcessInitializeOnLoadMethodAttributes (67ms)
			AfterProcessingInitializeOnLoad (0ms)
			EditorAssembliesLoaded (0ms)
		ExecutionOrderSort2 (0ms)
		AwakeInstancesAfterBackupRestoration (0ms)
========================================================================
Worker process is ready to serve import requests
Import Worker Mode flag is 0x00
Begin MonoManager ReloadAssembly
- Loaded All Assemblies, in  1.115 seconds
Refreshing native plugins compatible for Editor in 2.96 ms, found 3 plugins.
Native extension for WindowsStandalone target not found
Mono: successfully reloaded assembly
- Finished resetting the current domain, in  0.918 seconds
Domain Reload Profiling: 2019ms
	BeginReloadAssembly (239ms)
		ExecutionOrderSort (0ms)
		DisableScriptedObjects (8ms)
		BackupInstance (0ms)
		ReleaseScriptingObjects (0ms)
		CreateAndSetChildDomain (40ms)
	RebuildCommonClasses (37ms)
	RebuildNativeTypeToScriptingClass (10ms)
	initialDomainReloadingComplete (50ms)
	LoadAllAssembliesAndSetupDomain (763ms)
		LoadAssemblies (603ms)
		RebuildTransferFunctionScriptingTraits (0ms)
		AnalyzeDomain (301ms)
			TypeCache.Refresh (225ms)
				TypeCache.ScanAssembly (201ms)
			BuildScriptInfoCaches (60ms)
			ResolveRequiredComponents (11ms)
	FinalizeReload (919ms)
		ReleaseScriptCaches (0ms)
		RebuildScriptCaches (0ms)
		SetupLoadedEditorAssemblies (661ms)
			LogAssemblyErrors (0ms)
			InitializePlatformSupportModulesInManaged (2ms)
			SetLoadedEditorAssemblies (4ms)
			BeforeProcessingInitializeOnLoad (194ms)
			ProcessInitializeOnLoadAttributes (380ms)
			ProcessInitializeOnLoadMethodAttributes (66ms)
			AfterProcessingInitializeOnLoad (14ms)
			EditorAssembliesLoaded (0ms)
		ExecutionOrderSort2 (0ms)
		AwakeInstancesAfterBackupRestoration (15ms)
Launched and connected shader compiler UnityShaderCompiler.exe after 0.02 seconds
Refreshing native plugins compatible for Editor in 2.71 ms, found 3 plugins.
Preloading 0 native plugins for Editor in 0.00 ms.
Unloading 12 Unused Serialized files (Serialized files now loaded: 0)
Unloading 6108 unused Assets / (4.0 MB). Loaded Objects now: 6810.
Memory consumption went from 132.5 MB to 128.5 MB.
Total: 12.190400 ms (FindLiveObjects: 1.146500 ms CreateObjectMapping: 1.210300 ms MarkObjects: 6.565900 ms  DeleteObjects: 3.266500 ms)

========================================================================
Received Import Request.
  Time since last request: 1071056.455715 seconds.
  path: Assets/Splites/IsoTilemaps-basic/Tilemaps/Isometric/Tiles/Basic/cube04.asset
  artifactKey: Guid(e47ab33d18ce19a42ab58a5349c180f5) Importer(815301076,1909f56bfc062723c751e8b465ee728b)
Start importing Assets/Splites/IsoTilemaps-basic/Tilemaps/Isometric/Tiles/Basic/cube04.asset using Guid(e47ab33d18ce19a42ab58a5349c180f5) Importer(815301076,1909f56bfc062723c751e8b465ee728b) (PreviewImporter) -> (artifact id: '2d710c351009af9377a38772d3b7f380') in 0.1027703 seconds
Number of updated asset objects reloaded before import = 0Number of asset objects unloaded after import = 3

========================================================================
Received Import Request.
  Time since last request: 0.000021 seconds.
  path: Assets/Splites/IsoTilemaps-basic/Tilemaps/Isometric/Tiles/Basic/base01.asset
  artifactKey: Guid(31f0467df86e14d48af8f0e4bf964d63) Importer(815301076,1909f56bfc062723c751e8b465ee728b)
Start importing Assets/Splites/IsoTilemaps-basic/Tilemaps/Isometric/Tiles/Basic/base01.asset using Guid(31f0467df86e14d48af8f0e4bf964d63) Importer(815301076,1909f56bfc062723c751e8b465ee728b) (PreviewImporter) -> (artifact id: '742cf6b48487879b67ce71fa7e752e3b') in 0.0161395 seconds
Number of updated asset objects reloaded before import = 0Number of asset objects unloaded after import = 3

========================================================================
Received Import Request.
  Time since last request: 0.000020 seconds.
  path: Assets/Splites/IsoTilemaps-basic/Tilemaps/Isometric/Tiles/Basic/cube01.asset
  artifactKey: Guid(7f32039c55da1884687d6a26e1e96a20) Importer(815301076,1909f56bfc062723c751e8b465ee728b)
Start importing Assets/Splites/IsoTilemaps-basic/Tilemaps/Isometric/Tiles/Basic/cube01.asset using Guid(7f32039c55da1884687d6a26e1e96a20) Importer(815301076,1909f56bfc062723c751e8b465ee728b) (PreviewImporter) -> (artifact id: '3785eaab0e8113ac874ce2fe8864b42b') in 0.0159605 seconds
Number of updated asset objects reloaded before import = 0Number of asset objects unloaded after import = 3

========================================================================
Received Import Request.
  Time since last request: 0.000032 seconds.
  path: Assets/Splites/IsoTilemaps-basic/Tilemaps/Isometric/Tiles/Basic/cube11.asset
  artifactKey: Guid(4048cf0877ad03349a13f8bf43792641) Importer(815301076,1909f56bfc062723c751e8b465ee728b)
Start importing Assets/Splites/IsoTilemaps-basic/Tilemaps/Isometric/Tiles/Basic/cube11.asset using Guid(4048cf0877ad03349a13f8bf43792641) Importer(815301076,1909f56bfc062723c751e8b465ee728b) (PreviewImporter) -> (artifact id: 'd662c81a3abb48eb5f9fc2cf462f83c4') in 0.0151543 seconds
Number of updated asset objects reloaded before import = 0Number of asset objects unloaded after import = 3

========================================================================
Received Import Request.
  Time since last request: 0.000016 seconds.
  path: Assets/Splites/IsoTilemaps-basic/Tilemaps/Isometric/Tiles/Basic/base11.asset
  artifactKey: Guid(0be996db82a670b4d8315e7cacd49fc8) Importer(815301076,1909f56bfc062723c751e8b465ee728b)
Start importing Assets/Splites/IsoTilemaps-basic/Tilemaps/Isometric/Tiles/Basic/base11.asset using Guid(0be996db82a670b4d8315e7cacd49fc8) Importer(815301076,1909f56bfc062723c751e8b465ee728b) (PreviewImporter) -> (artifact id: 'ff91a913a41c073c43d35c9a47c29a05') in 0.0171003 seconds
Number of updated asset objects reloaded before import = 0Number of asset objects unloaded after import = 3

========================================================================
Received Import Request.
  Time since last request: 0.000017 seconds.
  path: Assets/Splites/IsoTilemaps-basic/Tilemaps/Isometric/Tiles/Basic/cube07.asset
  artifactKey: Guid(3f6162117848d974d93d2447365b5641) Importer(815301076,1909f56bfc062723c751e8b465ee728b)
Start importing Assets/Splites/IsoTilemaps-basic/Tilemaps/Isometric/Tiles/Basic/cube07.asset using Guid(3f6162117848d974d93d2447365b5641) Importer(815301076,1909f56bfc062723c751e8b465ee728b) (PreviewImporter) -> (artifact id: '6a43dd428f7ccbd5422f263bc1f7d45e') in 0.0154014 seconds
Number of updated asset objects reloaded before import = 0Number of asset objects unloaded after import = 3

========================================================================
Received Import Request.
  Time since last request: 0.000020 seconds.
  path: Assets/Splites/IsoTilemaps-basic/Tilemaps/Isometric/Tiles/Basic/cube05.asset
  artifactKey: Guid(caae841b9df129142850793deae2534e) Importer(815301076,1909f56bfc062723c751e8b465ee728b)
Start importing Assets/Splites/IsoTilemaps-basic/Tilemaps/Isometric/Tiles/Basic/cube05.asset using Guid(caae841b9df129142850793deae2534e) Importer(815301076,1909f56bfc062723c751e8b465ee728b) (PreviewImporter) -> (artifact id: '7554addd3e7d27616946a87ba933d6de') in 0.0148186 seconds
Number of updated asset objects reloaded before import = 0Number of asset objects unloaded after import = 3

========================================================================
Received Import Request.
  Time since last request: 0.622174 seconds.
  path: Assets/Splites/IsoTilemaps-basic/Tilemaps/Isometric/Tiles/Desert/desert-sliced_05.asset
  artifactKey: Guid(c0389d04dfd53b6498bdc321f9892074) Importer(815301076,1909f56bfc062723c751e8b465ee728b)
Start importing Assets/Splites/IsoTilemaps-basic/Tilemaps/Isometric/Tiles/Desert/desert-sliced_05.asset using Guid(c0389d04dfd53b6498bdc321f9892074) Importer(815301076,1909f56bfc062723c751e8b465ee728b) (PreviewImporter) -> (artifact id: '892640fa6bcf19a752962acc611999fd') in 0.017412 seconds
Number of updated asset objects reloaded before import = 0Number of asset objects unloaded after import = 3

========================================================================
Received Import Request.
  Time since last request: 0.000015 seconds.
  path: Assets/Splites/IsoTilemaps-basic/Tilemaps/Isometric/Tiles/Desert/desert-sliced_43.asset
  artifactKey: Guid(22fb4baa068941f489d42b388bc757a8) Importer(815301076,1909f56bfc062723c751e8b465ee728b)
Start importing Assets/Splites/IsoTilemaps-basic/Tilemaps/Isometric/Tiles/Desert/desert-sliced_43.asset using Guid(22fb4baa068941f489d42b388bc757a8) Importer(815301076,1909f56bfc062723c751e8b465ee728b) (PreviewImporter) -> (artifact id: '864d18e333b1a4a10188f8e7566762d1') in 0.0202803 seconds
Number of updated asset objects reloaded before import = 0Number of asset objects unloaded after import = 3

========================================================================
Received Import Request.
  Time since last request: 0.000014 seconds.
  path: Assets/Splites/IsoTilemaps-basic/Tilemaps/Isometric/Tiles/Desert/desert-sliced_55.asset
  artifactKey: Guid(eb3f5f2e21e9a2146bee12f2488483b1) Importer(815301076,1909f56bfc062723c751e8b465ee728b)
Start importing Assets/Splites/IsoTilemaps-basic/Tilemaps/Isometric/Tiles/Desert/desert-sliced_55.asset using Guid(eb3f5f2e21e9a2146bee12f2488483b1) Importer(815301076,1909f56bfc062723c751e8b465ee728b) (PreviewImporter) -> (artifact id: 'bfc8bb94fd3935e62b0cc21c93d0b8bb') in 0.0142064 seconds
Number of updated asset objects reloaded before import = 0Number of asset objects unloaded after import = 3

========================================================================
Received Import Request.
  Time since last request: 0.000016 seconds.
  path: Assets/Splites/IsoTilemaps-basic/Tilemaps/Isometric/Tiles/Desert/desert-sliced_48.asset
  artifactKey: Guid(df264822aefe94442a60af1bf8fda9d4) Importer(815301076,1909f56bfc062723c751e8b465ee728b)
Start importing Assets/Splites/IsoTilemaps-basic/Tilemaps/Isometric/Tiles/Desert/desert-sliced_48.asset using Guid(df264822aefe94442a60af1bf8fda9d4) Importer(815301076,1909f56bfc062723c751e8b465ee728b) (PreviewImporter) -> (artifact id: '945d78bcf25a2f67618a6ea7da530aac') in 0.0154914 seconds
Number of updated asset objects reloaded before import = 0Number of asset objects unloaded after import = 3

========================================================================
Received Import Request.
  Time since last request: 0.000025 seconds.
  path: Assets/Splites/IsoTilemaps-basic/Tilemaps/Isometric/Tiles/Desert/desert-sliced_08.asset
  artifactKey: Guid(204d49abce57be445b01e5a8f390aac3) Importer(815301076,1909f56bfc062723c751e8b465ee728b)
Start importing Assets/Splites/IsoTilemaps-basic/Tilemaps/Isometric/Tiles/Desert/desert-sliced_08.asset using Guid(204d49abce57be445b01e5a8f390aac3) Importer(815301076,1909f56bfc062723c751e8b465ee728b) (PreviewImporter) -> (artifact id: '66684f252f510012c1e52a8caa9a5aa8') in 0.0142021 seconds
Number of updated asset objects reloaded before import = 0Number of asset objects unloaded after import = 3

========================================================================
Received Import Request.
  Time since last request: 0.000015 seconds.
  path: Assets/Splites/IsoTilemaps-basic/Tilemaps/Isometric/Tiles/Desert/desert-sliced_42.asset
  artifactKey: Guid(591f7161ef5b1134fa58712661775b86) Importer(815301076,1909f56bfc062723c751e8b465ee728b)
Start importing Assets/Splites/IsoTilemaps-basic/Tilemaps/Isometric/Tiles/Desert/desert-sliced_42.asset using Guid(591f7161ef5b1134fa58712661775b86) Importer(815301076,1909f56bfc062723c751e8b465ee728b) (PreviewImporter) -> (artifact id: '94ca7ae1bdad5cae6fec5406c4ea3076') in 0.0144763 seconds
Number of updated asset objects reloaded before import = 0Number of asset objects unloaded after import = 3

========================================================================
Received Import Request.
  Time since last request: 0.000016 seconds.
  path: Assets/Splites/IsoTilemaps-basic/Tilemaps/Isometric/Tiles/Desert/desert-sliced_07.asset
  artifactKey: Guid(530aa099211353e43ba646ce8d30abd3) Importer(815301076,1909f56bfc062723c751e8b465ee728b)
Start importing Assets/Splites/IsoTilemaps-basic/Tilemaps/Isometric/Tiles/Desert/desert-sliced_07.asset using Guid(530aa099211353e43ba646ce8d30abd3) Importer(815301076,1909f56bfc062723c751e8b465ee728b) (PreviewImporter) -> (artifact id: '877df4df5a48943e3b01b984eaa5726b') in 0.0148015 seconds
Number of updated asset objects reloaded before import = 0Number of asset objects unloaded after import = 3

========================================================================
Received Import Request.
  Time since last request: 0.000017 seconds.
  path: Assets/Splites/IsoTilemaps-basic/Tilemaps/Isometric/Tiles/Desert/desert-sliced_14.asset
  artifactKey: Guid(77d53eaf059dc1142894a10c23b4eca0) Importer(815301076,1909f56bfc062723c751e8b465ee728b)
Start importing Assets/Splites/IsoTilemaps-basic/Tilemaps/Isometric/Tiles/Desert/desert-sliced_14.asset using Guid(77d53eaf059dc1142894a10c23b4eca0) Importer(815301076,1909f56bfc062723c751e8b465ee728b) (PreviewImporter) -> (artifact id: '1d9947f982a982a048ab6df43a269b98') in 0.0139276 seconds
Number of updated asset objects reloaded before import = 0Number of asset objects unloaded after import = 3

========================================================================
Received Import Request.
  Time since last request: 0.000023 seconds.
  path: Assets/Splites/IsoTilemaps-basic/Tilemaps/Isometric/Tiles/Desert/desert-sliced_49.asset
  artifactKey: Guid(6fbefa1e6eaa9474e9cf89acaaf3e760) Importer(815301076,1909f56bfc062723c751e8b465ee728b)
Start importing Assets/Splites/IsoTilemaps-basic/Tilemaps/Isometric/Tiles/Desert/desert-sliced_49.asset using Guid(6fbefa1e6eaa9474e9cf89acaaf3e760) Importer(815301076,1909f56bfc062723c751e8b465ee728b) (PreviewImporter) -> (artifact id: '2034d2a00ae60a8a86efe697df5395e4') in 0.015992 seconds
Number of updated asset objects reloaded before import = 0Number of asset objects unloaded after import = 3

========================================================================
Received Import Request.
  Time since last request: 0.000018 seconds.
  path: Assets/Splites/IsoTilemaps-basic/Tilemaps/Isometric/Tiles/Desert/desert-sliced_66.asset
  artifactKey: Guid(d90114d58c7115f4d96d5b92bca3af74) Importer(815301076,1909f56bfc062723c751e8b465ee728b)
Start importing Assets/Splites/IsoTilemaps-basic/Tilemaps/Isometric/Tiles/Desert/desert-sliced_66.asset using Guid(d90114d58c7115f4d96d5b92bca3af74) Importer(815301076,1909f56bfc062723c751e8b465ee728b) (PreviewImporter) -> (artifact id: '1c96f1d5d5a2ef00d3cfaf3f228decc9') in 0.0145121 seconds
Number of updated asset objects reloaded before import = 0Number of asset objects unloaded after import = 3

========================================================================
Received Import Request.
  Time since last request: 0.000013 seconds.
  path: Assets/Splites/IsoTilemaps-basic/Tilemaps/Isometric/Tiles/Desert/desert-sliced_39.asset
  artifactKey: Guid(315fe29602edb3a4b9b28d313ca1e5bb) Importer(815301076,1909f56bfc062723c751e8b465ee728b)
Start importing Assets/Splites/IsoTilemaps-basic/Tilemaps/Isometric/Tiles/Desert/desert-sliced_39.asset using Guid(315fe29602edb3a4b9b28d313ca1e5bb) Importer(815301076,1909f56bfc062723c751e8b465ee728b) (PreviewImporter) -> (artifact id: '16b0d8b204c3a848d4d71f2a687eebe9') in 0.0151051 seconds
Number of updated asset objects reloaded before import = 0Number of asset objects unloaded after import = 3

========================================================================
Received Import Request.
  Time since last request: 0.000017 seconds.
  path: Assets/Splites/IsoTilemaps-basic/Tilemaps/Isometric/Tiles/Desert/desert-sliced_46.asset
  artifactKey: Guid(f2886551205cdb64a9b9a30ec35bfef4) Importer(815301076,1909f56bfc062723c751e8b465ee728b)
Start importing Assets/Splites/IsoTilemaps-basic/Tilemaps/Isometric/Tiles/Desert/desert-sliced_46.asset using Guid(f2886551205cdb64a9b9a30ec35bfef4) Importer(815301076,1909f56bfc062723c751e8b465ee728b) (PreviewImporter) -> (artifact id: '7fa6083b02b352a64e8f9616897df1f7') in 0.0139713 seconds
Number of updated asset objects reloaded before import = 0Number of asset objects unloaded after import = 3

========================================================================
Received Import Request.
  Time since last request: 0.000028 seconds.
  path: Assets/Splites/IsoTilemaps-basic/Tilemaps/Isometric/Tiles/Desert/desert-sliced_31.asset
  artifactKey: Guid(3fc24c1bf7d805348a99b8aebf9d0842) Importer(815301076,1909f56bfc062723c751e8b465ee728b)
Start importing Assets/Splites/IsoTilemaps-basic/Tilemaps/Isometric/Tiles/Desert/desert-sliced_31.asset using Guid(3fc24c1bf7d805348a99b8aebf9d0842) Importer(815301076,1909f56bfc062723c751e8b465ee728b) (PreviewImporter) -> (artifact id: '7185f329c72e1ecd29f75c067d02f892') in 0.016398 seconds
Number of updated asset objects reloaded before import = 0Number of asset objects unloaded after import = 3

========================================================================
Received Import Request.
  Time since last request: 2249.836496 seconds.
  path: Assets/Splites/IsoTilemaps-basic/Tilemaps/Isometric/Tiles/FrozenCave/cave-sliced_02.asset
  artifactKey: Guid(705229f1147f84547841d1251bd17acf) Importer(815301076,1909f56bfc062723c751e8b465ee728b)
Start importing Assets/Splites/IsoTilemaps-basic/Tilemaps/Isometric/Tiles/FrozenCave/cave-sliced_02.asset using Guid(705229f1147f84547841d1251bd17acf) Importer(815301076,1909f56bfc062723c751e8b465ee728b) (PreviewImporter) -> (artifact id: '56098845b0170f6104769f20b783202b') in 0.0189761 seconds
Number of updated asset objects reloaded before import = 0Number of asset objects unloaded after import = 3

========================================================================
Received Import Request.
  Time since last request: 0.000025 seconds.
  path: Assets/Splites/IsoTilemaps-basic/Tilemaps/Isometric/Tiles/FrozenCave/cave-sliced_04.asset
  artifactKey: Guid(f533f7be6df940443b991d5853c44f17) Importer(815301076,1909f56bfc062723c751e8b465ee728b)
Start importing Assets/Splites/IsoTilemaps-basic/Tilemaps/Isometric/Tiles/FrozenCave/cave-sliced_04.asset using Guid(f533f7be6df940443b991d5853c44f17) Importer(815301076,1909f56bfc062723c751e8b465ee728b) (PreviewImporter) -> (artifact id: 'cbaedd2ec3a3e15466fedea81c5888fc') in 0.0259321 seconds
Number of updated asset objects reloaded before import = 0Number of asset objects unloaded after import = 3

========================================================================
Received Import Request.
  Time since last request: 0.000019 seconds.
  path: Assets/Splites/IsoTilemaps-basic/Tilemaps/Isometric/Tiles/FrozenCave/cave-sliced_09.asset
  artifactKey: Guid(abb4b4b22f623b2459e748b1b85b7612) Importer(815301076,1909f56bfc062723c751e8b465ee728b)
Start importing Assets/Splites/IsoTilemaps-basic/Tilemaps/Isometric/Tiles/FrozenCave/cave-sliced_09.asset using Guid(abb4b4b22f623b2459e748b1b85b7612) Importer(815301076,1909f56bfc062723c751e8b465ee728b) (PreviewImporter) -> (artifact id: '8df090449df3e96fa7a75492e3dece24') in 0.0170625 seconds
Number of updated asset objects reloaded before import = 0Number of asset objects unloaded after import = 3

========================================================================
Received Import Request.
  Time since last request: 0.000026 seconds.
  path: Assets/Splites/IsoTilemaps-basic/Tilemaps/Isometric/Tiles/FrozenCave/cave-sliced_11.asset
  artifactKey: Guid(2ee1019d6fc7bda4ab039b75e022fa11) Importer(815301076,1909f56bfc062723c751e8b465ee728b)
Start importing Assets/Splites/IsoTilemaps-basic/Tilemaps/Isometric/Tiles/FrozenCave/cave-sliced_11.asset using Guid(2ee1019d6fc7bda4ab039b75e022fa11) Importer(815301076,1909f56bfc062723c751e8b465ee728b) (PreviewImporter) -> (artifact id: 'fca3d49cdad81ee473877a7bd517102d') in 0.0142245 seconds
Number of updated asset objects reloaded before import = 0Number of asset objects unloaded after import = 3

========================================================================
Received Import Request.
  Time since last request: 0.000013 seconds.
  path: Assets/Splites/IsoTilemaps-basic/Tilemaps/Isometric/Tiles/FrozenCave/cave-sliced_37.asset
  artifactKey: Guid(2c42013d39324864992fdab5beec008b) Importer(815301076,1909f56bfc062723c751e8b465ee728b)
Start importing Assets/Splites/IsoTilemaps-basic/Tilemaps/Isometric/Tiles/FrozenCave/cave-sliced_37.asset using Guid(2c42013d39324864992fdab5beec008b) Importer(815301076,1909f56bfc062723c751e8b465ee728b) (PreviewImporter) -> (artifact id: '3d8b4fece163e13c60b190e5ed264082') in 0.0142001 seconds
Number of updated asset objects reloaded before import = 0Number of asset objects unloaded after import = 3

========================================================================
Received Import Request.
  Time since last request: 0.000015 seconds.
  path: Assets/Splites/IsoTilemaps-basic/Tilemaps/Isometric/Tiles/FrozenCave/cave-sliced_21.asset
  artifactKey: Guid(6d4b88df3a78f29418c099ec1427ce76) Importer(815301076,1909f56bfc062723c751e8b465ee728b)
Start importing Assets/Splites/IsoTilemaps-basic/Tilemaps/Isometric/Tiles/FrozenCave/cave-sliced_21.asset using Guid(6d4b88df3a78f29418c099ec1427ce76) Importer(815301076,1909f56bfc062723c751e8b465ee728b) (PreviewImporter) -> (artifact id: '0941106bb57c951bce2cc752b950f50f') in 0.0133558 seconds
Number of updated asset objects reloaded before import = 0Number of asset objects unloaded after import = 3

========================================================================
Received Import Request.
  Time since last request: 0.000017 seconds.
  path: Assets/Splites/IsoTilemaps-basic/Tilemaps/Isometric/Tiles/FrozenCave/cave-sliced_35.asset
  artifactKey: Guid(6e8d62656bc11f3458495509d2de8a24) Importer(815301076,1909f56bfc062723c751e8b465ee728b)
Start importing Assets/Splites/IsoTilemaps-basic/Tilemaps/Isometric/Tiles/FrozenCave/cave-sliced_35.asset using Guid(6e8d62656bc11f3458495509d2de8a24) Importer(815301076,1909f56bfc062723c751e8b465ee728b) (PreviewImporter) -> (artifact id: 'c4069bc44e18165dfec44fa148b0bd8a') in 0.0149805 seconds
Number of updated asset objects reloaded before import = 0Number of asset objects unloaded after import = 3

========================================================================
Received Import Request.
  Time since last request: 0.000022 seconds.
  path: Assets/Splites/IsoTilemaps-basic/Tilemaps/Isometric/Tiles/FrozenCave/cave-sliced_23.asset
  artifactKey: Guid(fbb6c0140c6456d4b9356b392a381a5f) Importer(815301076,1909f56bfc062723c751e8b465ee728b)
Start importing Assets/Splites/IsoTilemaps-basic/Tilemaps/Isometric/Tiles/FrozenCave/cave-sliced_23.asset using Guid(fbb6c0140c6456d4b9356b392a381a5f) Importer(815301076,1909f56bfc062723c751e8b465ee728b) (PreviewImporter) -> (artifact id: '980fd9b7ea019959c5c81ce7384b9126') in 0.0139511 seconds
Number of updated asset objects reloaded before import = 0Number of asset objects unloaded after import = 3

========================================================================
Received Import Request.
  Time since last request: 0.000014 seconds.
  path: Assets/Splites/IsoTilemaps-basic/Tilemaps/Isometric/Tiles/FrozenMountain/decoration_sword_in_the_stone.asset
  artifactKey: Guid(9e465b054f9fc3549b1748f70fd029ea) Importer(815301076,1909f56bfc062723c751e8b465ee728b)
Start importing Assets/Splites/IsoTilemaps-basic/Tilemaps/Isometric/Tiles/FrozenMountain/decoration_sword_in_the_stone.asset using Guid(9e465b054f9fc3549b1748f70fd029ea) Importer(815301076,1909f56bfc062723c751e8b465ee728b) (PreviewImporter) -> (artifact id: 'b36703326520d141bf5825acefbb7c4d') in 0.014337 seconds
Number of updated asset objects reloaded before import = 0Number of asset objects unloaded after import = 3

========================================================================
Received Import Request.
  Time since last request: 0.000015 seconds.
  path: Assets/Splites/IsoTilemaps-basic/Tilemaps/Isometric/Tiles/FrozenMountain/snow_E_inner.asset
  artifactKey: Guid(c6a9c4d6e6aef97449344c4606bb5785) Importer(815301076,1909f56bfc062723c751e8b465ee728b)
Start importing Assets/Splites/IsoTilemaps-basic/Tilemaps/Isometric/Tiles/FrozenMountain/snow_E_inner.asset using Guid(c6a9c4d6e6aef97449344c4606bb5785) Importer(815301076,1909f56bfc062723c751e8b465ee728b) (PreviewImporter) -> (artifact id: 'ec37aabd5ca324acae438b637c90b1dc') in 0.0139553 seconds
Number of updated asset objects reloaded before import = 0Number of asset objects unloaded after import = 3

========================================================================
Received Import Request.
  Time since last request: 0.000026 seconds.
  path: Assets/Splites/IsoTilemaps-basic/Tilemaps/Isometric/Tiles/FrozenMountain/decoration_snowcap_rock_1.asset
  artifactKey: Guid(ce44141f232941940ba9fc9b2806cad7) Importer(815301076,1909f56bfc062723c751e8b465ee728b)
Start importing Assets/Splites/IsoTilemaps-basic/Tilemaps/Isometric/Tiles/FrozenMountain/decoration_snowcap_rock_1.asset using Guid(ce44141f232941940ba9fc9b2806cad7) Importer(815301076,1909f56bfc062723c751e8b465ee728b) (PreviewImporter) -> (artifact id: '63dc483cfd78363b3f6d8ab15ffce9c9') in 0.0332195 seconds
Number of updated asset objects reloaded before import = 0Number of asset objects unloaded after import = 3

========================================================================
Received Import Request.
  Time since last request: 0.000031 seconds.
  path: Assets/Splites/IsoTilemaps-basic/Tilemaps/Isometric/Tiles/FrozenMountain/elevation_snow_NE.asset
  artifactKey: Guid(19bb599d35c05764980e51c2270e7e2c) Importer(815301076,1909f56bfc062723c751e8b465ee728b)
Start importing Assets/Splites/IsoTilemaps-basic/Tilemaps/Isometric/Tiles/FrozenMountain/elevation_snow_NE.asset using Guid(19bb599d35c05764980e51c2270e7e2c) Importer(815301076,1909f56bfc062723c751e8b465ee728b) (PreviewImporter) -> (artifact id: 'f5da53f04cb3f1bd934c522efe4d2197') in 0.030083 seconds
Number of updated asset objects reloaded before import = 0Number of asset objects unloaded after import = 3

========================================================================
Received Import Request.
  Time since last request: 0.000022 seconds.
  path: Assets/Splites/IsoTilemaps-basic/Tilemaps/Isometric/Tiles/FrozenMountain/snow_corner_N.asset
  artifactKey: Guid(a0a3b617f6ee0dd4aa19aa60c4b91675) Importer(815301076,1909f56bfc062723c751e8b465ee728b)
Start importing Assets/Splites/IsoTilemaps-basic/Tilemaps/Isometric/Tiles/FrozenMountain/snow_corner_N.asset using Guid(a0a3b617f6ee0dd4aa19aa60c4b91675) Importer(815301076,1909f56bfc062723c751e8b465ee728b) (PreviewImporter) -> (artifact id: '67e75a8d7b0eab3bf86b64dcdf7720f5') in 0.0156853 seconds
Number of updated asset objects reloaded before import = 0Number of asset objects unloaded after import = 3

========================================================================
Received Import Request.
  Time since last request: 0.000040 seconds.
  path: Assets/Splites/IsoTilemaps-basic/Tilemaps/Isometric/Tiles/FrozenCave/cave-sliced_31.asset
  artifactKey: Guid(f1a66b4a6e5775f4dae967d9b2d92556) Importer(815301076,1909f56bfc062723c751e8b465ee728b)
Start importing Assets/Splites/IsoTilemaps-basic/Tilemaps/Isometric/Tiles/FrozenCave/cave-sliced_31.asset using Guid(f1a66b4a6e5775f4dae967d9b2d92556) Importer(815301076,1909f56bfc062723c751e8b465ee728b) (PreviewImporter) -> (artifact id: 'b8206e1a3bb7a65d5ecff49c403457a6') in 0.0200781 seconds
Number of updated asset objects reloaded before import = 0Number of asset objects unloaded after import = 3

========================================================================
Received Import Request.
  Time since last request: 0.000095 seconds.
  path: Assets/Splites/IsoTilemaps-basic/Tilemaps/Isometric/Tiles/FrozenCave/cave-sliced_30.asset
  artifactKey: Guid(f2ca42d58b9c73440a93b78e04a3d565) Importer(815301076,1909f56bfc062723c751e8b465ee728b)
Start importing Assets/Splites/IsoTilemaps-basic/Tilemaps/Isometric/Tiles/FrozenCave/cave-sliced_30.asset using Guid(f2ca42d58b9c73440a93b78e04a3d565) Importer(815301076,1909f56bfc062723c751e8b465ee728b) (PreviewImporter) -> (artifact id: '459ad7f2f4cdf8f08267bd7c5760b7d7') in 0.0141738 seconds
Number of updated asset objects reloaded before import = 0Number of asset objects unloaded after import = 3

========================================================================
Received Import Request.
  Time since last request: 0.000020 seconds.
  path: Assets/Splites/IsoTilemaps-basic/Tilemaps/Isometric/Tiles/FrozenMountain/elevation_snow_center_0.asset
  artifactKey: Guid(73480c804015be648bcf8eb0bf9f8be8) Importer(815301076,1909f56bfc062723c751e8b465ee728b)
Start importing Assets/Splites/IsoTilemaps-basic/Tilemaps/Isometric/Tiles/FrozenMountain/elevation_snow_center_0.asset using Guid(73480c804015be648bcf8eb0bf9f8be8) Importer(815301076,1909f56bfc062723c751e8b465ee728b) (PreviewImporter) -> (artifact id: '8f3525c23d64f1103b80d4932684a810') in 0.0156259 seconds
Number of updated asset objects reloaded before import = 0Number of asset objects unloaded after import = 3

========================================================================
Received Import Request.
  Time since last request: 0.000024 seconds.
  path: Assets/Splites/IsoTilemaps-basic/Tilemaps/Isometric/Tiles/FrozenMountain/snow_center_0.asset
  artifactKey: Guid(7ea40e6d6f016774098fcb44d5448a74) Importer(815301076,1909f56bfc062723c751e8b465ee728b)
Start importing Assets/Splites/IsoTilemaps-basic/Tilemaps/Isometric/Tiles/FrozenMountain/snow_center_0.asset using Guid(7ea40e6d6f016774098fcb44d5448a74) Importer(815301076,1909f56bfc062723c751e8b465ee728b) (PreviewImporter) -> (artifact id: '3fe7afdb444ca8a496ad77b7fbf51958') in 0.0144168 seconds
Number of updated asset objects reloaded before import = 0Number of asset objects unloaded after import = 3

========================================================================
Received Import Request.
  Time since last request: 0.000027 seconds.
  path: Assets/Splites/IsoTilemaps-basic/Tilemaps/Isometric/Tiles/FrozenMountain/elevation_snow_W_inner.asset
  artifactKey: Guid(9c9242495b3bc0d46a4bd9a2abda7b6d) Importer(815301076,1909f56bfc062723c751e8b465ee728b)
Start importing Assets/Splites/IsoTilemaps-basic/Tilemaps/Isometric/Tiles/FrozenMountain/elevation_snow_W_inner.asset using Guid(9c9242495b3bc0d46a4bd9a2abda7b6d) Importer(815301076,1909f56bfc062723c751e8b465ee728b) (PreviewImporter) -> (artifact id: '091bdde785c1546be7e3542e95a453c1') in 0.0140186 seconds
Number of updated asset objects reloaded before import = 0Number of asset objects unloaded after import = 3

========================================================================
Received Import Request.
  Time since last request: 0.000020 seconds.
  path: Assets/Splites/IsoTilemaps-basic/Tilemaps/Isometric/Tiles/FrozenMountain/elevation_snow_corner_SE.asset
  artifactKey: Guid(8897b7128c8892d489e586005f2258e5) Importer(815301076,1909f56bfc062723c751e8b465ee728b)
Start importing Assets/Splites/IsoTilemaps-basic/Tilemaps/Isometric/Tiles/FrozenMountain/elevation_snow_corner_SE.asset using Guid(8897b7128c8892d489e586005f2258e5) Importer(815301076,1909f56bfc062723c751e8b465ee728b) (PreviewImporter) -> (artifact id: 'ba7a9706c69602224250ecfc918d971f') in 0.0160613 seconds
Number of updated asset objects reloaded before import = 0Number of asset objects unloaded after import = 3

========================================================================
Received Import Request.
  Time since last request: 0.000023 seconds.
  path: Assets/Splites/IsoTilemaps-basic/Tilemaps/Isometric/Tiles/FrozenCave/cave-sliced_03.asset
  artifactKey: Guid(28f591a0916cfc344917a4a429cf4d27) Importer(815301076,1909f56bfc062723c751e8b465ee728b)
Start importing Assets/Splites/IsoTilemaps-basic/Tilemaps/Isometric/Tiles/FrozenCave/cave-sliced_03.asset using Guid(28f591a0916cfc344917a4a429cf4d27) Importer(815301076,1909f56bfc062723c751e8b465ee728b) (PreviewImporter) -> (artifact id: '9194b149cf02319ec2fe2b7cf969f37e') in 0.014643 seconds
Number of updated asset objects reloaded before import = 0Number of asset objects unloaded after import = 3

========================================================================
Received Import Request.
  Time since last request: 0.000028 seconds.
  path: Assets/Splites/IsoTilemaps-basic/Tilemaps/Isometric/Tiles/FrozenCave/cave-sliced_34.asset
  artifactKey: Guid(6d66cc312b941954a91f3258223989a0) Importer(815301076,1909f56bfc062723c751e8b465ee728b)
Start importing Assets/Splites/IsoTilemaps-basic/Tilemaps/Isometric/Tiles/FrozenCave/cave-sliced_34.asset using Guid(6d66cc312b941954a91f3258223989a0) Importer(815301076,1909f56bfc062723c751e8b465ee728b) (PreviewImporter) -> (artifact id: '4de33c8ab23af8fe3952d558c0881229') in 0.0133606 seconds
Number of updated asset objects reloaded before import = 0Number of asset objects unloaded after import = 3

========================================================================
Received Import Request.
  Time since last request: 0.000019 seconds.
  path: Assets/Splites/IsoTilemaps-basic/Tilemaps/Isometric/Tiles/FrozenCave/cave-sliced_39.asset
  artifactKey: Guid(48c48897e4917d34db92e72fd69aada0) Importer(815301076,1909f56bfc062723c751e8b465ee728b)
Start importing Assets/Splites/IsoTilemaps-basic/Tilemaps/Isometric/Tiles/FrozenCave/cave-sliced_39.asset using Guid(48c48897e4917d34db92e72fd69aada0) Importer(815301076,1909f56bfc062723c751e8b465ee728b) (PreviewImporter) -> (artifact id: '26bd0d85a662a282d2c60931847fb6c1') in 0.0130256 seconds
Number of updated asset objects reloaded before import = 0Number of asset objects unloaded after import = 3

========================================================================
Received Import Request.
  Time since last request: 0.000016 seconds.
  path: Assets/Splites/IsoTilemaps-basic/Tilemaps/Isometric/Tiles/FrozenMountain/mountain_0.asset
  artifactKey: Guid(3c47fc45009f80e438d1f1823fc9f853) Importer(815301076,1909f56bfc062723c751e8b465ee728b)
Start importing Assets/Splites/IsoTilemaps-basic/Tilemaps/Isometric/Tiles/FrozenMountain/mountain_0.asset using Guid(3c47fc45009f80e438d1f1823fc9f853) Importer(815301076,1909f56bfc062723c751e8b465ee728b) (PreviewImporter) -> (artifact id: '892e257e11b24f26cae3295a06869675') in 0.0135711 seconds
Number of updated asset objects reloaded before import = 0Number of asset objects unloaded after import = 3

========================================================================
Received Import Request.
  Time since last request: 0.000027 seconds.
  path: Assets/Splites/IsoTilemaps-basic/Tilemaps/Isometric/Tiles/FrozenMountain/elevation_snow_W.asset
  artifactKey: Guid(f35d5e12c634c4e48a96cc6aa85c8434) Importer(815301076,1909f56bfc062723c751e8b465ee728b)
Start importing Assets/Splites/IsoTilemaps-basic/Tilemaps/Isometric/Tiles/FrozenMountain/elevation_snow_W.asset using Guid(f35d5e12c634c4e48a96cc6aa85c8434) Importer(815301076,1909f56bfc062723c751e8b465ee728b) (PreviewImporter) -> (artifact id: '0ebb0021a53d7b1417f0209b3613e3b1') in 0.0157431 seconds
Number of updated asset objects reloaded before import = 0Number of asset objects unloaded after import = 3

========================================================================
Received Import Request.
  Time since last request: 0.000030 seconds.
  path: Assets/Splites/IsoTilemaps-basic/Tilemaps/Isometric/Tiles/FrozenCave/cave-sliced_38.asset
  artifactKey: Guid(07870b7809bf20f4ca74f66e105a124c) Importer(815301076,1909f56bfc062723c751e8b465ee728b)
Start importing Assets/Splites/IsoTilemaps-basic/Tilemaps/Isometric/Tiles/FrozenCave/cave-sliced_38.asset using Guid(07870b7809bf20f4ca74f66e105a124c) Importer(815301076,1909f56bfc062723c751e8b465ee728b) (PreviewImporter) -> (artifact id: '6777c60a7c01c3939ab6ecf66c698247') in 0.0139813 seconds
Number of updated asset objects reloaded before import = 0Number of asset objects unloaded after import = 3

========================================================================
Received Import Request.
  Time since last request: 0.000015 seconds.
  path: Assets/Splites/IsoTilemaps-basic/Tilemaps/Isometric/Tiles/FrozenMountain/elevation_snow_corner_S.asset
  artifactKey: Guid(e030bcbcbd6d7194ebadf43424b9a827) Importer(815301076,1909f56bfc062723c751e8b465ee728b)
Start importing Assets/Splites/IsoTilemaps-basic/Tilemaps/Isometric/Tiles/FrozenMountain/elevation_snow_corner_S.asset using Guid(e030bcbcbd6d7194ebadf43424b9a827) Importer(815301076,1909f56bfc062723c751e8b465ee728b) (PreviewImporter) -> (artifact id: '1e058c4227fc8ce58778474641d9cde3') in 0.0184477 seconds
Number of updated asset objects reloaded before import = 0Number of asset objects unloaded after import = 3

========================================================================
Received Import Request.
  Time since last request: 0.000023 seconds.
  path: Assets/Splites/IsoTilemaps-basic/Tilemaps/Isometric/Tiles/FrozenCave/cave-sliced_27.asset
  artifactKey: Guid(19165be38444c1944944bb76b791cdaf) Importer(815301076,1909f56bfc062723c751e8b465ee728b)
Start importing Assets/Splites/IsoTilemaps-basic/Tilemaps/Isometric/Tiles/FrozenCave/cave-sliced_27.asset using Guid(19165be38444c1944944bb76b791cdaf) Importer(815301076,1909f56bfc062723c751e8b465ee728b) (PreviewImporter) -> (artifact id: '8627f10785eb0251340966aab529a4ad') in 0.0136308 seconds
Number of updated asset objects reloaded before import = 0Number of asset objects unloaded after import = 3

========================================================================
Received Import Request.
  Time since last request: 0.000021 seconds.
  path: Assets/Splites/IsoTilemaps-basic/Tilemaps/Isometric/Tiles/FrozenMountain/snow_center_4.asset
  artifactKey: Guid(200caf179d0f2c945a563a4d56a86b47) Importer(815301076,1909f56bfc062723c751e8b465ee728b)
Start importing Assets/Splites/IsoTilemaps-basic/Tilemaps/Isometric/Tiles/FrozenMountain/snow_center_4.asset using Guid(200caf179d0f2c945a563a4d56a86b47) Importer(815301076,1909f56bfc062723c751e8b465ee728b) (PreviewImporter) -> (artifact id: 'ff66929d0a53a803396b75ba9b710e53') in 0.0129885 seconds
Number of updated asset objects reloaded before import = 0Number of asset objects unloaded after import = 3

========================================================================
Received Import Request.
  Time since last request: 0.000023 seconds.
  path: Assets/Splites/IsoTilemaps-basic/Tilemaps/Isometric/Tiles/FrozenMountain/snow_S.asset
  artifactKey: Guid(1f4b1680cafab57488edf3eacb284e57) Importer(815301076,1909f56bfc062723c751e8b465ee728b)
Start importing Assets/Splites/IsoTilemaps-basic/Tilemaps/Isometric/Tiles/FrozenMountain/snow_S.asset using Guid(1f4b1680cafab57488edf3eacb284e57) Importer(815301076,1909f56bfc062723c751e8b465ee728b) (PreviewImporter) -> (artifact id: '183ce8466bd97b7b77bfb9269b78c8dc') in 0.0162491 seconds
Number of updated asset objects reloaded before import = 0Number of asset objects unloaded after import = 3

========================================================================
Received Import Request.
  Time since last request: 0.000019 seconds.
  path: Assets/Splites/IsoTilemaps-basic/Tilemaps/Isometric/Tiles/FrozenMountain/snow_SE.asset
  artifactKey: Guid(beca09e8f925a994caba222324ed7ba0) Importer(815301076,1909f56bfc062723c751e8b465ee728b)
Start importing Assets/Splites/IsoTilemaps-basic/Tilemaps/Isometric/Tiles/FrozenMountain/snow_SE.asset using Guid(beca09e8f925a994caba222324ed7ba0) Importer(815301076,1909f56bfc062723c751e8b465ee728b) (PreviewImporter) -> (artifact id: 'ab6b68ff3dbd8034a259a60f35c3d475') in 0.0148409 seconds
Number of updated asset objects reloaded before import = 0Number of asset objects unloaded after import = 3

========================================================================
Received Import Request.
  Time since last request: 0.000020 seconds.
  path: Assets/Splites/IsoTilemaps-basic/Tilemaps/Isometric/Tiles/FrozenMountain/snow_S_inner.asset
  artifactKey: Guid(16f94aed273caa24f93dee4e85a101cd) Importer(815301076,1909f56bfc062723c751e8b465ee728b)
Start importing Assets/Splites/IsoTilemaps-basic/Tilemaps/Isometric/Tiles/FrozenMountain/snow_S_inner.asset using Guid(16f94aed273caa24f93dee4e85a101cd) Importer(815301076,1909f56bfc062723c751e8b465ee728b) (PreviewImporter) -> (artifact id: '1e149ae4531fbfebd8643503086f28d6') in 0.0179368 seconds
Number of updated asset objects reloaded before import = 0Number of asset objects unloaded after import = 3

========================================================================
Received Import Request.
  Time since last request: 0.000037 seconds.
  path: Assets/Splites/IsoTilemaps-basic/Tilemaps/Isometric/Tiles/FrozenMountain/elevation_snow_E_inner.asset
  artifactKey: Guid(614a393b441179548ae0e76c970e2fa8) Importer(815301076,1909f56bfc062723c751e8b465ee728b)
Start importing Assets/Splites/IsoTilemaps-basic/Tilemaps/Isometric/Tiles/FrozenMountain/elevation_snow_E_inner.asset using Guid(614a393b441179548ae0e76c970e2fa8) Importer(815301076,1909f56bfc062723c751e8b465ee728b) (PreviewImporter) -> (artifact id: 'e8169d54b1a5779713f7e37916e9f5db') in 0.0150584 seconds
Number of updated asset objects reloaded before import = 0Number of asset objects unloaded after import = 3

========================================================================
Received Import Request.
  Time since last request: 0.000016 seconds.
  path: Assets/Splites/IsoTilemaps-basic/Tilemaps/Isometric/Tiles/FrozenCave/cave-sliced_08.asset
  artifactKey: Guid(22472865855d4d844addbebc39234593) Importer(815301076,1909f56bfc062723c751e8b465ee728b)
Start importing Assets/Splites/IsoTilemaps-basic/Tilemaps/Isometric/Tiles/FrozenCave/cave-sliced_08.asset using Guid(22472865855d4d844addbebc39234593) Importer(815301076,1909f56bfc062723c751e8b465ee728b) (PreviewImporter) -> (artifact id: '8bda07c638426f6ed8868b0457b07dc6') in 0.0146684 seconds
Number of updated asset objects reloaded before import = 0Number of asset objects unloaded after import = 3

========================================================================
Received Import Request.
  Time since last request: 0.000016 seconds.
  path: Assets/Splites/IsoTilemaps-basic/Tilemaps/Isometric/Tiles/FrozenCave/cave-sliced_22.asset
  artifactKey: Guid(951d4258fc70a514f896323d780d5d3c) Importer(815301076,1909f56bfc062723c751e8b465ee728b)
Start importing Assets/Splites/IsoTilemaps-basic/Tilemaps/Isometric/Tiles/FrozenCave/cave-sliced_22.asset using Guid(951d4258fc70a514f896323d780d5d3c) Importer(815301076,1909f56bfc062723c751e8b465ee728b) (PreviewImporter) -> (artifact id: '98c632a9709d946853573d1bf48b904b') in 0.0166424 seconds
Number of updated asset objects reloaded before import = 0Number of asset objects unloaded after import = 3

========================================================================
Received Import Request.
  Time since last request: 0.000026 seconds.
  path: Assets/Splites/IsoTilemaps-basic/Tilemaps/Isometric/Tiles/FrozenCave/cave-sliced_15.asset
  artifactKey: Guid(e3588d55a233ac1438855ca689b3bac2) Importer(815301076,1909f56bfc062723c751e8b465ee728b)
Start importing Assets/Splites/IsoTilemaps-basic/Tilemaps/Isometric/Tiles/FrozenCave/cave-sliced_15.asset using Guid(e3588d55a233ac1438855ca689b3bac2) Importer(815301076,1909f56bfc062723c751e8b465ee728b) (PreviewImporter) -> (artifact id: 'def5059b3e9355235a26e7e7325f1704') in 0.0127253 seconds
Number of updated asset objects reloaded before import = 0Number of asset objects unloaded after import = 3

========================================================================
Received Import Request.
  Time since last request: 0.000018 seconds.
  path: Assets/Splites/IsoTilemaps-basic/Tilemaps/Isometric/Tiles/FrozenCave/cave-sliced_20.asset
  artifactKey: Guid(45e04e0f2e684494c8cec91fb775179e) Importer(815301076,1909f56bfc062723c751e8b465ee728b)
Start importing Assets/Splites/IsoTilemaps-basic/Tilemaps/Isometric/Tiles/FrozenCave/cave-sliced_20.asset using Guid(45e04e0f2e684494c8cec91fb775179e) Importer(815301076,1909f56bfc062723c751e8b465ee728b) (PreviewImporter) -> (artifact id: '6921ce2259812e193a4f89563e256162') in 0.0136586 seconds
Number of updated asset objects reloaded before import = 0Number of asset objects unloaded after import = 3

========================================================================
Received Import Request.
  Time since last request: 0.000014 seconds.
  path: Assets/Splites/IsoTilemaps-basic/Tilemaps/Isometric/Tiles/FrozenMountain/elevation_snow_N.asset
  artifactKey: Guid(87daf319032095542bce9ea4a1efa762) Importer(815301076,1909f56bfc062723c751e8b465ee728b)
Start importing Assets/Splites/IsoTilemaps-basic/Tilemaps/Isometric/Tiles/FrozenMountain/elevation_snow_N.asset using Guid(87daf319032095542bce9ea4a1efa762) Importer(815301076,1909f56bfc062723c751e8b465ee728b) (PreviewImporter) -> (artifact id: 'cd4db89f871b93c5bb3a5bc16bd1ac8b') in 0.0132788 seconds
Number of updated asset objects reloaded before import = 0Number of asset objects unloaded after import = 3

========================================================================
Received Import Request.
  Time since last request: 0.000017 seconds.
  path: Assets/Splites/IsoTilemaps-basic/Tilemaps/Isometric/Tiles/FrozenCave/cave-sliced_43.asset
  artifactKey: Guid(c4a844d2f3489fe409a11fcf0b336e94) Importer(815301076,1909f56bfc062723c751e8b465ee728b)
Start importing Assets/Splites/IsoTilemaps-basic/Tilemaps/Isometric/Tiles/FrozenCave/cave-sliced_43.asset using Guid(c4a844d2f3489fe409a11fcf0b336e94) Importer(815301076,1909f56bfc062723c751e8b465ee728b) (PreviewImporter) -> (artifact id: '24307c87d19e2cfd1806e61f432061fd') in 0.0148891 seconds
Number of updated asset objects reloaded before import = 0Number of asset objects unloaded after import = 3

========================================================================
Received Import Request.
  Time since last request: 0.000027 seconds.
  path: Assets/Splites/IsoTilemaps-basic/Tilemaps/Isometric/Tiles/FrozenMountain/mountain_2.asset
  artifactKey: Guid(1f0e0e9d1b690014f9f954ddd91f604c) Importer(815301076,1909f56bfc062723c751e8b465ee728b)
Start importing Assets/Splites/IsoTilemaps-basic/Tilemaps/Isometric/Tiles/FrozenMountain/mountain_2.asset using Guid(1f0e0e9d1b690014f9f954ddd91f604c) Importer(815301076,1909f56bfc062723c751e8b465ee728b) (PreviewImporter) -> (artifact id: '3e06fc2f5bb488879351784b8dc73910') in 0.0153576 seconds
Number of updated asset objects reloaded before import = 0Number of asset objects unloaded after import = 3

========================================================================
Received Import Request.
  Time since last request: 0.000018 seconds.
  path: Assets/Splites/IsoTilemaps-basic/Tilemaps/Isometric/Tiles/FrozenCave/cave-sliced_18.asset
  artifactKey: Guid(fa69b4596b6603d42a112d7987e18768) Importer(815301076,1909f56bfc062723c751e8b465ee728b)
Start importing Assets/Splites/IsoTilemaps-basic/Tilemaps/Isometric/Tiles/FrozenCave/cave-sliced_18.asset using Guid(fa69b4596b6603d42a112d7987e18768) Importer(815301076,1909f56bfc062723c751e8b465ee728b) (PreviewImporter) -> (artifact id: '90e1fa944da085e13373a68fa23721cc') in 0.0132315 seconds
Number of updated asset objects reloaded before import = 0Number of asset objects unloaded after import = 3

========================================================================
Received Import Request.
  Time since last request: 0.000014 seconds.
  path: Assets/Splites/IsoTilemaps-basic/Tilemaps/Isometric/Tiles/FrozenCave/cave-sliced_16.asset
  artifactKey: Guid(a5819e01dce754243909e81cf0e456b2) Importer(815301076,1909f56bfc062723c751e8b465ee728b)
Start importing Assets/Splites/IsoTilemaps-basic/Tilemaps/Isometric/Tiles/FrozenCave/cave-sliced_16.asset using Guid(a5819e01dce754243909e81cf0e456b2) Importer(815301076,1909f56bfc062723c751e8b465ee728b) (PreviewImporter) -> (artifact id: '19aeaf7b587b2d7b7d38577ca2070c88') in 0.0141886 seconds
Number of updated asset objects reloaded before import = 0Number of asset objects unloaded after import = 3

========================================================================
Received Import Request.
  Time since last request: 0.000018 seconds.
  path: Assets/Splites/IsoTilemaps-basic/Tilemaps/Isometric/Tiles/FrozenMountain/mountain_1.asset
  artifactKey: Guid(eff7110d4efa80649835e5f1ce2fad09) Importer(815301076,1909f56bfc062723c751e8b465ee728b)
Start importing Assets/Splites/IsoTilemaps-basic/Tilemaps/Isometric/Tiles/FrozenMountain/mountain_1.asset using Guid(eff7110d4efa80649835e5f1ce2fad09) Importer(815301076,1909f56bfc062723c751e8b465ee728b) (PreviewImporter) -> (artifact id: 'b9e31e6f98ce4b471d27b367aa1b0a75') in 0.0147074 seconds
Number of updated asset objects reloaded before import = 0Number of asset objects unloaded after import = 3

========================================================================
Received Import Request.
  Time since last request: 0.000022 seconds.
  path: Assets/Splites/IsoTilemaps-basic/Tilemaps/Isometric/Tiles/FrozenMountain/snow_center_3.asset
  artifactKey: Guid(40be223ab349a204685084baa8fb2028) Importer(815301076,1909f56bfc062723c751e8b465ee728b)
Start importing Assets/Splites/IsoTilemaps-basic/Tilemaps/Isometric/Tiles/FrozenMountain/snow_center_3.asset using Guid(40be223ab349a204685084baa8fb2028) Importer(815301076,1909f56bfc062723c751e8b465ee728b) (PreviewImporter) -> (artifact id: '8b4f4d3e7448f8b0ec2d98ee0a591f90') in 0.0142934 seconds
Number of updated asset objects reloaded before import = 0Number of asset objects unloaded after import = 3

========================================================================
Received Import Request.
  Time since last request: 0.000013 seconds.
  path: Assets/Splites/IsoTilemaps-basic/Tilemaps/Isometric/Tiles/FrozenMountain/snow_N.asset
  artifactKey: Guid(1b76fe0038183c047819cad89c3cf303) Importer(815301076,1909f56bfc062723c751e8b465ee728b)
Start importing Assets/Splites/IsoTilemaps-basic/Tilemaps/Isometric/Tiles/FrozenMountain/snow_N.asset using Guid(1b76fe0038183c047819cad89c3cf303) Importer(815301076,1909f56bfc062723c751e8b465ee728b) (PreviewImporter) -> (artifact id: '94a26f84a20b66b742a549d2847e65ef') in 0.0158395 seconds
Number of updated asset objects reloaded before import = 0Number of asset objects unloaded after import = 3

========================================================================
Received Import Request.
  Time since last request: 0.000017 seconds.
  path: Assets/Splites/IsoTilemaps-basic/Tilemaps/Isometric/Tiles/FrozenCave/cave-sliced_33.asset
  artifactKey: Guid(ac0bc054b3dbe7f479729015f9090c31) Importer(815301076,1909f56bfc062723c751e8b465ee728b)
Start importing Assets/Splites/IsoTilemaps-basic/Tilemaps/Isometric/Tiles/FrozenCave/cave-sliced_33.asset using Guid(ac0bc054b3dbe7f479729015f9090c31) Importer(815301076,1909f56bfc062723c751e8b465ee728b) (PreviewImporter) -> (artifact id: '5f899c7fb72e158530c3995953b7b63d') in 0.0135921 seconds
Number of updated asset objects reloaded before import = 0Number of asset objects unloaded after import = 3

========================================================================
Received Import Request.
  Time since last request: 0.000016 seconds.
  path: Assets/Splites/IsoTilemaps-basic/Tilemaps/Isometric/Tiles/FrozenMountain/elevation_snow_S_inner.asset
  artifactKey: Guid(55ca10b11334ed045806d02598f8a439) Importer(815301076,1909f56bfc062723c751e8b465ee728b)
Start importing Assets/Splites/IsoTilemaps-basic/Tilemaps/Isometric/Tiles/FrozenMountain/elevation_snow_S_inner.asset using Guid(55ca10b11334ed045806d02598f8a439) Importer(815301076,1909f56bfc062723c751e8b465ee728b) (PreviewImporter) -> (artifact id: '26f645c014e7efceed2831f365847a63') in 0.0166745 seconds
Number of updated asset objects reloaded before import = 0Number of asset objects unloaded after import = 3

========================================================================
Received Import Request.
  Time since last request: 0.000128 seconds.
  path: Assets/Splites/IsoTilemaps-basic/Tilemaps/Isometric/Tiles/FrozenMountain/snow_corner_S.asset
  artifactKey: Guid(32ec16931c8673643a71f50046bf64a1) Importer(815301076,1909f56bfc062723c751e8b465ee728b)
Start importing Assets/Splites/IsoTilemaps-basic/Tilemaps/Isometric/Tiles/FrozenMountain/snow_corner_S.asset using Guid(32ec16931c8673643a71f50046bf64a1) Importer(815301076,1909f56bfc062723c751e8b465ee728b) (PreviewImporter) -> (artifact id: '602b4e81378cee9bf5352ec74fa6e14c') in 0.0166941 seconds
Number of updated asset objects reloaded before import = 0Number of asset objects unloaded after import = 3

========================================================================
Received Import Request.
  Time since last request: 0.000016 seconds.
  path: Assets/Splites/IsoTilemaps-basic/Tilemaps/Isometric/Tiles/FrozenMountain/elevation_snow_corner_SW.asset
  artifactKey: Guid(c98c8a284303c5a4fbf8657d18fc7c1f) Importer(815301076,1909f56bfc062723c751e8b465ee728b)
Start importing Assets/Splites/IsoTilemaps-basic/Tilemaps/Isometric/Tiles/FrozenMountain/elevation_snow_corner_SW.asset using Guid(c98c8a284303c5a4fbf8657d18fc7c1f) Importer(815301076,1909f56bfc062723c751e8b465ee728b) (PreviewImporter) -> (artifact id: '969b9d03f1e240850e5e11b8b99953ed') in 0.0159788 seconds
Number of updated asset objects reloaded before import = 0Number of asset objects unloaded after import = 3

