Using pre-set license
Built from '6000.1/staging' branch; Version is '6000.1.13f1 (418bd0acaa6b) revision 4295632'; Using compiler version '194234433'; Build Type 'Release'
OS: 'Windows 11  (10.0.26100) 64bit Education' Language: 'ko' Physical Memory: 32682 MB
BatchMode: 1, IsHumanControllingUs: 0, StartBugReporterOnCrash: 0, Is64bit: 1, IsPro: 1
Date: 2025-07-24T13:36:59Z

COMMAND LINE ARGUMENTS:
C:\Unity Editor\6000.1.13f1\Editor\Unity.exe
-adb2
-batchMode
-noUpm
-name
AssetImportWorker1
-projectPath
C:/Unity Project/Isometric
-logFile
Logs/AssetImportWorker1.log
-srvPort
58625
-job-worker-count
5
-background-job-worker-count
8
-gc-helper-count
1
-name
AssetImport
Successfully changed project path to: C:/Unity Project/Isometric
C:/Unity Project/Isometric
[UnityMemory] Configuration Parameters - Can be set up in boot.config
    "memorysetup-allocator-temp-initial-block-size-main=262144"
    "memorysetup-allocator-temp-initial-block-size-worker=262144"
    "memorysetup-bucket-allocator-granularity=16"
    "memorysetup-bucket-allocator-bucket-count=8"
    "memorysetup-bucket-allocator-block-size=33554432"
    "memorysetup-bucket-allocator-block-count=8"
    "memorysetup-main-allocator-block-size=16777216"
    "memorysetup-thread-allocator-block-size=16777216"
    "memorysetup-gfx-main-allocator-block-size=16777216"
    "memorysetup-gfx-thread-allocator-block-size=16777216"
    "memorysetup-cache-allocator-block-size=4194304"
    "memorysetup-typetree-allocator-block-size=2097152"
    "memorysetup-profiler-bucket-allocator-granularity=16"
    "memorysetup-profiler-bucket-allocator-bucket-count=8"
    "memorysetup-profiler-bucket-allocator-block-size=33554432"
    "memorysetup-profiler-bucket-allocator-block-count=8"
    "memorysetup-profiler-allocator-block-size=16777216"
    "memorysetup-profiler-editor-allocator-block-size=1048576"
    "memorysetup-temp-allocator-size-main=16777216"
    "memorysetup-job-temp-allocator-block-size=2097152"
    "memorysetup-job-temp-allocator-block-size-background=1048576"
    "memorysetup-job-temp-allocator-reduction-small-platforms=262144"
    "memorysetup-temp-allocator-size-background-worker=32768"
    "memorysetup-temp-allocator-size-job-worker=262144"
    "memorysetup-temp-allocator-size-preload-manager=33554432"
    "memorysetup-temp-allocator-size-nav-mesh-worker=65536"
    "memorysetup-temp-allocator-size-audio-worker=65536"
    "memorysetup-temp-allocator-size-cloud-worker=32768"
    "memorysetup-temp-allocator-size-gi-baking-worker=262144"
    "memorysetup-temp-allocator-size-gi-baking-worker=262144"
    "memorysetup-temp-allocator-size-gi-baking-worker=262144"
    "memorysetup-temp-allocator-size-gi-baking-worker=262144"
    "memorysetup-temp-allocator-size-gi-baking-worker=262144"
    "memorysetup-temp-allocator-size-gfx=262144"
Player connection [27296]  Target information:

Player connection [27296]  * "[IP] 192.168.219.104 [Port] 0 [Flags] 2 [Guid] 2720485268 [EditorId] 2720485268 [Version] 1048832 [Id] WindowsEditor(7,DESKTOP-U1O58T1) [Debug] 1 [PackageName] WindowsEditor [ProjectName] Editor" 

Player connection [27296] Host joined multi-casting on [225.0.0.222:54997]...
Player connection [27296] Host joined alternative multi-casting on [225.0.0.222:34997]...
JobSystem: Creating JobQueue using job-worker-count value 5
Input System module state changed to: Initialized.
[Physics::Module] Initialized fallback backend.
[Physics::Module] Id: 0xdecafbad
Library Redirect Path: Library/
[Physics::Module] Selected backend.
[Physics::Module] Name: PhysX
[Physics::Module] Id: 0xf2b8ea05
[Physics::Module] SDK Version: 4.1.2
[Physics::Module] Integration Version: 1.0.0
[Physics::Module] Threading Mode: Multi-Threaded
Refreshing native plugins compatible for Editor in 4.31 ms, found 3 plugins.
Preloading 0 native plugins for Editor in 0.00 ms.
Initialize engine version: 6000.1.13f1 (418bd0acaa6b)
[Subsystems] Discovering subsystems at path C:/Unity Editor/6000.1.13f1/Editor/Data/Resources/UnitySubsystems
[Subsystems] Discovering subsystems at path C:/Unity Project/Isometric/Assets
GfxDevice: creating device client; kGfxThreadingModeNonThreaded
Direct3D:
    Version:         Direct3D 12 [level 12.1]
    Renderer:        NVIDIA GeForce RTX 3060 Ti (ID=0x2489)
    Vendor:          NVIDIA
    VRAM:            8024 MB
    App VRAM Budget: 7256 MB
    Driver:          32.0.15.6094
Initialize mono
Mono path[0] = 'C:/Unity Editor/6000.1.13f1/Editor/Data/Managed'
Mono path[1] = 'C:/Unity Editor/6000.1.13f1/Editor/Data/MonoBleedingEdge/lib/mono/unityjit-win32'
Mono config path = 'C:/Unity Editor/6000.1.13f1/Editor/Data/MonoBleedingEdge/etc'
Using monoOptions --debugger-agent=transport=dt_socket,embedding=1,server=y,suspend=n,address=127.0.0.1:56620
Begin MonoManager ReloadAssembly
Registering precompiled unity dll's ...
Register platform support module: C:/Unity Editor/6000.1.13f1/Editor/Data/PlaybackEngines/WindowsStandaloneSupport/UnityEditor.WindowsStandalone.Extensions.dll
Registered in 0.004577 seconds.
- Loaded All Assemblies, in  0.602 seconds
Native extension for WindowsStandalone target not found
Mono: successfully reloaded assembly
- Finished resetting the current domain, in  0.476 seconds
Domain Reload Profiling: 1071ms
	BeginReloadAssembly (231ms)
		ExecutionOrderSort (0ms)
		DisableScriptedObjects (0ms)
		BackupInstance (0ms)
		ReleaseScriptingObjects (0ms)
		CreateAndSetChildDomain (1ms)
	RebuildCommonClasses (56ms)
	RebuildNativeTypeToScriptingClass (14ms)
	initialDomainReloadingComplete (76ms)
	LoadAllAssembliesAndSetupDomain (218ms)
		LoadAssemblies (223ms)
		RebuildTransferFunctionScriptingTraits (0ms)
		AnalyzeDomain (214ms)
			TypeCache.Refresh (212ms)
				TypeCache.ScanAssembly (193ms)
			BuildScriptInfoCaches (0ms)
			ResolveRequiredComponents (1ms)
	FinalizeReload (476ms)
		ReleaseScriptCaches (0ms)
		RebuildScriptCaches (0ms)
		SetupLoadedEditorAssemblies (417ms)
			LogAssemblyErrors (0ms)
			InitializePlatformSupportModulesInManaged (59ms)
			SetLoadedEditorAssemblies (5ms)
			BeforeProcessingInitializeOnLoad (81ms)
			ProcessInitializeOnLoadAttributes (197ms)
			ProcessInitializeOnLoadMethodAttributes (74ms)
			AfterProcessingInitializeOnLoad (0ms)
			EditorAssembliesLoaded (0ms)
		ExecutionOrderSort2 (0ms)
		AwakeInstancesAfterBackupRestoration (0ms)
========================================================================
Worker process is ready to serve import requests
Import Worker Mode flag is 0x00
Begin MonoManager ReloadAssembly
- Loaded All Assemblies, in  1.101 seconds
Refreshing native plugins compatible for Editor in 2.90 ms, found 3 plugins.
Native extension for WindowsStandalone target not found
Mono: successfully reloaded assembly
- Finished resetting the current domain, in  0.916 seconds
Domain Reload Profiling: 2003ms
	BeginReloadAssembly (240ms)
		ExecutionOrderSort (0ms)
		DisableScriptedObjects (7ms)
		BackupInstance (0ms)
		ReleaseScriptingObjects (0ms)
		CreateAndSetChildDomain (35ms)
	RebuildCommonClasses (43ms)
	RebuildNativeTypeToScriptingClass (13ms)
	initialDomainReloadingComplete (54ms)
	LoadAllAssembliesAndSetupDomain (737ms)
		LoadAssemblies (588ms)
		RebuildTransferFunctionScriptingTraits (0ms)
		AnalyzeDomain (299ms)
			TypeCache.Refresh (228ms)
				TypeCache.ScanAssembly (206ms)
			BuildScriptInfoCaches (56ms)
			ResolveRequiredComponents (10ms)
	FinalizeReload (916ms)
		ReleaseScriptCaches (0ms)
		RebuildScriptCaches (0ms)
		SetupLoadedEditorAssemblies (682ms)
			LogAssemblyErrors (0ms)
			InitializePlatformSupportModulesInManaged (2ms)
			SetLoadedEditorAssemblies (3ms)
			BeforeProcessingInitializeOnLoad (194ms)
			ProcessInitializeOnLoadAttributes (402ms)
			ProcessInitializeOnLoadMethodAttributes (68ms)
			AfterProcessingInitializeOnLoad (13ms)
			EditorAssembliesLoaded (0ms)
		ExecutionOrderSort2 (0ms)
		AwakeInstancesAfterBackupRestoration (20ms)
Launched and connected shader compiler UnityShaderCompiler.exe after 0.02 seconds
Refreshing native plugins compatible for Editor in 2.54 ms, found 3 plugins.
Preloading 0 native plugins for Editor in 0.00 ms.
Unloading 12 Unused Serialized files (Serialized files now loaded: 0)
Unloading 6108 unused Assets / (4.2 MB). Loaded Objects now: 6810.
Memory consumption went from 132.4 MB to 128.2 MB.
Total: 10.205100 ms (FindLiveObjects: 0.691900 ms CreateObjectMapping: 1.141700 ms MarkObjects: 5.406400 ms  DeleteObjects: 2.964100 ms)

========================================================================
Received Import Request.
  Time since last request: 1071056.355621 seconds.
  path: Assets/Splites/IsoTilemaps-basic/Tilemaps/Isometric/Tiles/Basic/base13.asset
  artifactKey: Guid(a3ec3ae262d13e64fb9fb55fba53dcf6) Importer(815301076,1909f56bfc062723c751e8b465ee728b)
Start importing Assets/Splites/IsoTilemaps-basic/Tilemaps/Isometric/Tiles/Basic/base13.asset using Guid(a3ec3ae262d13e64fb9fb55fba53dcf6) Importer(815301076,1909f56bfc062723c751e8b465ee728b) (PreviewImporter) -> (artifact id: 'e01d5109a94c176a041bf5f34f86e096') in 0.1292216 seconds
Number of updated asset objects reloaded before import = 0Number of asset objects unloaded after import = 3

========================================================================
Received Import Request.
  Time since last request: 0.000033 seconds.
  path: Assets/Splites/IsoTilemaps-basic/Tilemaps/Isometric/Tiles/Basic/base00.asset
  artifactKey: Guid(624b59f885283004e953b0797a3ddbe5) Importer(815301076,1909f56bfc062723c751e8b465ee728b)
Start importing Assets/Splites/IsoTilemaps-basic/Tilemaps/Isometric/Tiles/Basic/base00.asset using Guid(624b59f885283004e953b0797a3ddbe5) Importer(815301076,1909f56bfc062723c751e8b465ee728b) (PreviewImporter) -> (artifact id: '70587910fe84aadb382d8da02664f139') in 0.0284537 seconds
Number of updated asset objects reloaded before import = 0Number of asset objects unloaded after import = 3

========================================================================
Received Import Request.
  Time since last request: 0.000033 seconds.
  path: Assets/Splites/IsoTilemaps-basic/Tilemaps/Isometric/Tiles/Basic/base03.asset
  artifactKey: Guid(ad68a6909829d4a42bbf0b43270b1fe2) Importer(815301076,1909f56bfc062723c751e8b465ee728b)
Start importing Assets/Splites/IsoTilemaps-basic/Tilemaps/Isometric/Tiles/Basic/base03.asset using Guid(ad68a6909829d4a42bbf0b43270b1fe2) Importer(815301076,1909f56bfc062723c751e8b465ee728b) (PreviewImporter) -> (artifact id: '25a90c8a05157944b9936e20cbe8de87') in 0.0172331 seconds
Number of updated asset objects reloaded before import = 0Number of asset objects unloaded after import = 3

========================================================================
Received Import Request.
  Time since last request: 0.000017 seconds.
  path: Assets/Splites/IsoTilemaps-basic/Tilemaps/Isometric/Tiles/Basic/cube12.asset
  artifactKey: Guid(a5a8519cc734112449f264af09d8b10c) Importer(815301076,1909f56bfc062723c751e8b465ee728b)
Start importing Assets/Splites/IsoTilemaps-basic/Tilemaps/Isometric/Tiles/Basic/cube12.asset using Guid(a5a8519cc734112449f264af09d8b10c) Importer(815301076,1909f56bfc062723c751e8b465ee728b) (PreviewImporter) -> (artifact id: '7a8a40d52fbb4c078a86abec07f3e99a') in 0.0169061 seconds
Number of updated asset objects reloaded before import = 0Number of asset objects unloaded after import = 3

========================================================================
Received Import Request.
  Time since last request: 0.000020 seconds.
  path: Assets/Splites/IsoTilemaps-basic/Tilemaps/Isometric/Tiles/Basic/cube02.asset
  artifactKey: Guid(81862fa37c2190b4cb061d2a6e47d489) Importer(815301076,1909f56bfc062723c751e8b465ee728b)
Start importing Assets/Splites/IsoTilemaps-basic/Tilemaps/Isometric/Tiles/Basic/cube02.asset using Guid(81862fa37c2190b4cb061d2a6e47d489) Importer(815301076,1909f56bfc062723c751e8b465ee728b) (PreviewImporter) -> (artifact id: 'bdb35fa391fe6c0b655bb899411a6c8f') in 0.015239 seconds
Number of updated asset objects reloaded before import = 0Number of asset objects unloaded after import = 3

========================================================================
Received Import Request.
  Time since last request: 0.000018 seconds.
  path: Assets/Splites/IsoTilemaps-basic/Tilemaps/Isometric/Tiles/Basic/cube00.asset
  artifactKey: Guid(7dcb526135eab954aa3e816947652218) Importer(815301076,1909f56bfc062723c751e8b465ee728b)
Start importing Assets/Splites/IsoTilemaps-basic/Tilemaps/Isometric/Tiles/Basic/cube00.asset using Guid(7dcb526135eab954aa3e816947652218) Importer(815301076,1909f56bfc062723c751e8b465ee728b) (PreviewImporter) -> (artifact id: '9dc7a208b458414c7329b02567d1bd1c') in 0.0175022 seconds
Number of updated asset objects reloaded before import = 0Number of asset objects unloaded after import = 3

========================================================================
Received Import Request.
  Time since last request: 0.000025 seconds.
  path: Assets/Splites/IsoTilemaps-basic/Tilemaps/Isometric/Tiles/Basic/base08.asset
  artifactKey: Guid(7e24c1f1960e18245a59909bac1891e7) Importer(815301076,1909f56bfc062723c751e8b465ee728b)
Start importing Assets/Splites/IsoTilemaps-basic/Tilemaps/Isometric/Tiles/Basic/base08.asset using Guid(7e24c1f1960e18245a59909bac1891e7) Importer(815301076,1909f56bfc062723c751e8b465ee728b) (PreviewImporter) -> (artifact id: 'f2dc316233548c303723a94274e48540') in 0.0145128 seconds
Number of updated asset objects reloaded before import = 0Number of asset objects unloaded after import = 3

========================================================================
Received Import Request.
  Time since last request: 0.000016 seconds.
  path: Assets/Splites/IsoTilemaps-basic/Tilemaps/Isometric/Tiles/Basic/cube10.asset
  artifactKey: Guid(8a1396262a6d22e43b4d42ff4a0609e4) Importer(815301076,1909f56bfc062723c751e8b465ee728b)
Start importing Assets/Splites/IsoTilemaps-basic/Tilemaps/Isometric/Tiles/Basic/cube10.asset using Guid(8a1396262a6d22e43b4d42ff4a0609e4) Importer(815301076,1909f56bfc062723c751e8b465ee728b) (PreviewImporter) -> (artifact id: 'a1cfd6850c41d692a18c57ed91048bfa') in 0.0148516 seconds
Number of updated asset objects reloaded before import = 0Number of asset objects unloaded after import = 3

========================================================================
Received Import Request.
  Time since last request: 0.598723 seconds.
  path: Assets/Splites/IsoTilemaps-basic/Tilemaps/Isometric/Tiles/Desert/desert-sliced_04.asset
  artifactKey: Guid(895946dd1b444bc40b7aab39872a367a) Importer(815301076,1909f56bfc062723c751e8b465ee728b)
Start importing Assets/Splites/IsoTilemaps-basic/Tilemaps/Isometric/Tiles/Desert/desert-sliced_04.asset using Guid(895946dd1b444bc40b7aab39872a367a) Importer(815301076,1909f56bfc062723c751e8b465ee728b) (PreviewImporter) -> (artifact id: '8ce0195a00209155c6b7fe384223efd6') in 0.0193318 seconds
Number of updated asset objects reloaded before import = 0Number of asset objects unloaded after import = 3

========================================================================
Received Import Request.
  Time since last request: 0.000016 seconds.
  path: Assets/Splites/IsoTilemaps-basic/Tilemaps/Isometric/Tiles/Desert/desert-sliced_12.asset
  artifactKey: Guid(7a9ed0fc158725b429c1db53ce76eb0c) Importer(815301076,1909f56bfc062723c751e8b465ee728b)
Start importing Assets/Splites/IsoTilemaps-basic/Tilemaps/Isometric/Tiles/Desert/desert-sliced_12.asset using Guid(7a9ed0fc158725b429c1db53ce76eb0c) Importer(815301076,1909f56bfc062723c751e8b465ee728b) (PreviewImporter) -> (artifact id: 'b6ea0a022fb3d28cc3065ce99ed8700e') in 0.020157 seconds
Number of updated asset objects reloaded before import = 0Number of asset objects unloaded after import = 3

========================================================================
Received Import Request.
  Time since last request: 0.000020 seconds.
  path: Assets/Splites/IsoTilemaps-basic/Tilemaps/Isometric/Tiles/Desert/desert-sliced_28.asset
  artifactKey: Guid(81a11187a8893f248a36306f8f52cd79) Importer(815301076,1909f56bfc062723c751e8b465ee728b)
Start importing Assets/Splites/IsoTilemaps-basic/Tilemaps/Isometric/Tiles/Desert/desert-sliced_28.asset using Guid(81a11187a8893f248a36306f8f52cd79) Importer(815301076,1909f56bfc062723c751e8b465ee728b) (PreviewImporter) -> (artifact id: 'd09515d0e0c264ebb57bb7f013ade9c1') in 0.0154025 seconds
Number of updated asset objects reloaded before import = 0Number of asset objects unloaded after import = 3

========================================================================
Received Import Request.
  Time since last request: 0.000013 seconds.
  path: Assets/Splites/IsoTilemaps-basic/Tilemaps/Isometric/Tiles/Desert/desert-sliced_64.asset
  artifactKey: Guid(e28b94e66bdc18c48ab3ae4b951299ef) Importer(815301076,1909f56bfc062723c751e8b465ee728b)
Start importing Assets/Splites/IsoTilemaps-basic/Tilemaps/Isometric/Tiles/Desert/desert-sliced_64.asset using Guid(e28b94e66bdc18c48ab3ae4b951299ef) Importer(815301076,1909f56bfc062723c751e8b465ee728b) (PreviewImporter) -> (artifact id: 'c7ef20cbd3849800931bc0573a51cf05') in 0.0168822 seconds
Number of updated asset objects reloaded before import = 0Number of asset objects unloaded after import = 3

========================================================================
Received Import Request.
  Time since last request: 0.000016 seconds.
  path: Assets/Splites/IsoTilemaps-basic/Tilemaps/Isometric/Tiles/Desert/desert-sliced_63.asset
  artifactKey: Guid(bec837d708b64254bb9cb6c5783b70c6) Importer(815301076,1909f56bfc062723c751e8b465ee728b)
Start importing Assets/Splites/IsoTilemaps-basic/Tilemaps/Isometric/Tiles/Desert/desert-sliced_63.asset using Guid(bec837d708b64254bb9cb6c5783b70c6) Importer(815301076,1909f56bfc062723c751e8b465ee728b) (PreviewImporter) -> (artifact id: '7698375b835bd033a0b6258702b6db74') in 0.014321 seconds
Number of updated asset objects reloaded before import = 0Number of asset objects unloaded after import = 3

========================================================================
Received Import Request.
  Time since last request: 0.000017 seconds.
  path: Assets/Splites/IsoTilemaps-basic/Tilemaps/Isometric/Tiles/Desert/desert-sliced_11.asset
  artifactKey: Guid(706eea343fa8e6945a1bb77f55fbc45c) Importer(815301076,1909f56bfc062723c751e8b465ee728b)
Start importing Assets/Splites/IsoTilemaps-basic/Tilemaps/Isometric/Tiles/Desert/desert-sliced_11.asset using Guid(706eea343fa8e6945a1bb77f55fbc45c) Importer(815301076,1909f56bfc062723c751e8b465ee728b) (PreviewImporter) -> (artifact id: '0a1ca30248157f06df297326b6a95b2c') in 0.0155152 seconds
Number of updated asset objects reloaded before import = 0Number of asset objects unloaded after import = 3

========================================================================
Received Import Request.
  Time since last request: 0.000029 seconds.
  path: Assets/Splites/IsoTilemaps-basic/Tilemaps/Isometric/Tiles/Desert/desert-sliced_50.asset
  artifactKey: Guid(e9c86c8d481f50241ad76501cb26a677) Importer(815301076,1909f56bfc062723c751e8b465ee728b)
Start importing Assets/Splites/IsoTilemaps-basic/Tilemaps/Isometric/Tiles/Desert/desert-sliced_50.asset using Guid(e9c86c8d481f50241ad76501cb26a677) Importer(815301076,1909f56bfc062723c751e8b465ee728b) (PreviewImporter) -> (artifact id: 'a9a202c0bac55ea18047d25d85ff9fcd') in 0.0131491 seconds
Number of updated asset objects reloaded before import = 0Number of asset objects unloaded after import = 3

========================================================================
Received Import Request.
  Time since last request: 0.000014 seconds.
  path: Assets/Splites/IsoTilemaps-basic/Tilemaps/Isometric/Tiles/Desert/desert-sliced_62.asset
  artifactKey: Guid(6488e0b562fa4ee4cb5ac32991b10d14) Importer(815301076,1909f56bfc062723c751e8b465ee728b)
Start importing Assets/Splites/IsoTilemaps-basic/Tilemaps/Isometric/Tiles/Desert/desert-sliced_62.asset using Guid(6488e0b562fa4ee4cb5ac32991b10d14) Importer(815301076,1909f56bfc062723c751e8b465ee728b) (PreviewImporter) -> (artifact id: 'ed61d811f1fd5d71ff1819641cbfbbe8') in 0.0117611 seconds
Number of updated asset objects reloaded before import = 0Number of asset objects unloaded after import = 3

========================================================================
Received Import Request.
  Time since last request: 0.000017 seconds.
  path: Assets/Splites/IsoTilemaps-basic/Tilemaps/Isometric/Tiles/Desert/desert-sliced_13.asset
  artifactKey: Guid(efb3570886f21a5428c0bc532bfd16b2) Importer(815301076,1909f56bfc062723c751e8b465ee728b)
Start importing Assets/Splites/IsoTilemaps-basic/Tilemaps/Isometric/Tiles/Desert/desert-sliced_13.asset using Guid(efb3570886f21a5428c0bc532bfd16b2) Importer(815301076,1909f56bfc062723c751e8b465ee728b) (PreviewImporter) -> (artifact id: 'c7d03ffa5e50e012f032072f8e24c833') in 0.0157333 seconds
Number of updated asset objects reloaded before import = 0Number of asset objects unloaded after import = 3

========================================================================
Received Import Request.
  Time since last request: 0.000017 seconds.
  path: Assets/Splites/IsoTilemaps-basic/Tilemaps/Isometric/Tiles/Desert/desert-sliced_25.asset
  artifactKey: Guid(8c947a52e6d787d429cbc08d792597a8) Importer(815301076,1909f56bfc062723c751e8b465ee728b)
Start importing Assets/Splites/IsoTilemaps-basic/Tilemaps/Isometric/Tiles/Desert/desert-sliced_25.asset using Guid(8c947a52e6d787d429cbc08d792597a8) Importer(815301076,1909f56bfc062723c751e8b465ee728b) (PreviewImporter) -> (artifact id: '0a9d135965a73df1ab24e7026249247f') in 0.0152515 seconds
Number of updated asset objects reloaded before import = 0Number of asset objects unloaded after import = 3

========================================================================
Received Import Request.
  Time since last request: 0.000020 seconds.
  path: Assets/Splites/IsoTilemaps-basic/Tilemaps/Isometric/Tiles/Desert/desert-sliced_32.asset
  artifactKey: Guid(f43d71ea5105dd94fb0bb66ab23898ca) Importer(815301076,1909f56bfc062723c751e8b465ee728b)
Start importing Assets/Splites/IsoTilemaps-basic/Tilemaps/Isometric/Tiles/Desert/desert-sliced_32.asset using Guid(f43d71ea5105dd94fb0bb66ab23898ca) Importer(815301076,1909f56bfc062723c751e8b465ee728b) (PreviewImporter) -> (artifact id: '59d83a5d39f6313809219acd8756c182') in 0.0136637 seconds
Number of updated asset objects reloaded before import = 0Number of asset objects unloaded after import = 3

========================================================================
Received Import Request.
  Time since last request: 0.000017 seconds.
  path: Assets/Splites/IsoTilemaps-basic/Tilemaps/Isometric/Tiles/Desert/desert-sliced_35.asset
  artifactKey: Guid(605b485b584c3ba44acabdb498deba35) Importer(815301076,1909f56bfc062723c751e8b465ee728b)
Start importing Assets/Splites/IsoTilemaps-basic/Tilemaps/Isometric/Tiles/Desert/desert-sliced_35.asset using Guid(605b485b584c3ba44acabdb498deba35) Importer(815301076,1909f56bfc062723c751e8b465ee728b) (PreviewImporter) -> (artifact id: 'db3e95076dc1f79ad5a51e3f00184ea1') in 0.014637 seconds
Number of updated asset objects reloaded before import = 0Number of asset objects unloaded after import = 3

========================================================================
Received Import Request.
  Time since last request: 0.000013 seconds.
  path: Assets/Splites/IsoTilemaps-basic/Tilemaps/Isometric/Tiles/Desert/desert-sliced_27.asset
  artifactKey: Guid(10e2927aa288d354492f697b2f17573c) Importer(815301076,1909f56bfc062723c751e8b465ee728b)
Start importing Assets/Splites/IsoTilemaps-basic/Tilemaps/Isometric/Tiles/Desert/desert-sliced_27.asset using Guid(10e2927aa288d354492f697b2f17573c) Importer(815301076,1909f56bfc062723c751e8b465ee728b) (PreviewImporter) -> (artifact id: 'd1fc3131152f877ceeeddb3679e634c2') in 0.016304 seconds
Number of updated asset objects reloaded before import = 0Number of asset objects unloaded after import = 3

Editor requested this worker to shutdown with reason: Scaling down because of idle timeout
AssetImportWorker is now disconnected from the server
Process exiting
Exiting without the bug reporter. Application will terminate with return code 0