Using pre-set license
Built from '6000.1/staging' branch; Version is '6000.1.13f1 (418bd0acaa6b) revision 4295632'; Using compiler version '194234433'; Build Type 'Release'
OS: 'Windows 11  (10.0.26100) 64bit Education' Language: 'ko' Physical Memory: 32682 MB
BatchMode: 1, IsHumanControllingUs: 0, StartBugReporterOnCrash: 0, Is64bit: 1, IsPro: 1
Date: 2025-07-24T13:36:59Z

COMMAND LINE ARGUMENTS:
C:\Unity Editor\6000.1.13f1\Editor\Unity.exe
-adb2
-batchMode
-noUpm
-name
AssetImportWorker4
-projectPath
C:/Unity Project/Isometric
-logFile
Logs/AssetImportWorker4.log
-srvPort
58625
-job-worker-count
5
-background-job-worker-count
8
-gc-helper-count
1
-name
AssetImport
Successfully changed project path to: C:/Unity Project/Isometric
C:/Unity Project/Isometric
[UnityMemory] Configuration Parameters - Can be set up in boot.config
    "memorysetup-allocator-temp-initial-block-size-main=262144"
    "memorysetup-allocator-temp-initial-block-size-worker=262144"
    "memorysetup-bucket-allocator-granularity=16"
    "memorysetup-bucket-allocator-bucket-count=8"
    "memorysetup-bucket-allocator-block-size=33554432"
    "memorysetup-bucket-allocator-block-count=8"
    "memorysetup-main-allocator-block-size=16777216"
    "memorysetup-thread-allocator-block-size=16777216"
    "memorysetup-gfx-main-allocator-block-size=16777216"
    "memorysetup-gfx-thread-allocator-block-size=16777216"
    "memorysetup-cache-allocator-block-size=4194304"
    "memorysetup-typetree-allocator-block-size=2097152"
    "memorysetup-profiler-bucket-allocator-granularity=16"
    "memorysetup-profiler-bucket-allocator-bucket-count=8"
    "memorysetup-profiler-bucket-allocator-block-size=33554432"
    "memorysetup-profiler-bucket-allocator-block-count=8"
    "memorysetup-profiler-allocator-block-size=16777216"
    "memorysetup-profiler-editor-allocator-block-size=1048576"
    "memorysetup-temp-allocator-size-main=16777216"
    "memorysetup-job-temp-allocator-block-size=2097152"
    "memorysetup-job-temp-allocator-block-size-background=1048576"
    "memorysetup-job-temp-allocator-reduction-small-platforms=262144"
    "memorysetup-temp-allocator-size-background-worker=32768"
    "memorysetup-temp-allocator-size-job-worker=262144"
    "memorysetup-temp-allocator-size-preload-manager=33554432"
    "memorysetup-temp-allocator-size-nav-mesh-worker=65536"
    "memorysetup-temp-allocator-size-audio-worker=65536"
    "memorysetup-temp-allocator-size-cloud-worker=32768"
    "memorysetup-temp-allocator-size-gi-baking-worker=262144"
    "memorysetup-temp-allocator-size-gi-baking-worker=262144"
    "memorysetup-temp-allocator-size-gi-baking-worker=262144"
    "memorysetup-temp-allocator-size-gi-baking-worker=262144"
    "memorysetup-temp-allocator-size-gi-baking-worker=262144"
    "memorysetup-temp-allocator-size-gfx=262144"
Player connection [27932]  Target information:

Player connection [27932]  * "[IP] 192.168.219.104 [Port] 0 [Flags] 2 [Guid] 969794924 [EditorId] 969794924 [Version] 1048832 [Id] WindowsEditor(7,DESKTOP-U1O58T1) [Debug] 1 [PackageName] WindowsEditor [ProjectName] Editor" 

Player connection [27932] Host joined multi-casting on [225.0.0.222:54997]...
Player connection [27932] Host joined alternative multi-casting on [225.0.0.222:34997]...
JobSystem: Creating JobQueue using job-worker-count value 5
Input System module state changed to: Initialized.
[Physics::Module] Initialized fallback backend.
[Physics::Module] Id: 0xdecafbad
Library Redirect Path: Library/
[Physics::Module] Selected backend.
[Physics::Module] Name: PhysX
[Physics::Module] Id: 0xf2b8ea05
[Physics::Module] SDK Version: 4.1.2
[Physics::Module] Integration Version: 1.0.0
[Physics::Module] Threading Mode: Multi-Threaded
Refreshing native plugins compatible for Editor in 3.43 ms, found 3 plugins.
Preloading 0 native plugins for Editor in 0.00 ms.
Initialize engine version: 6000.1.13f1 (418bd0acaa6b)
[Subsystems] Discovering subsystems at path C:/Unity Editor/6000.1.13f1/Editor/Data/Resources/UnitySubsystems
[Subsystems] Discovering subsystems at path C:/Unity Project/Isometric/Assets
GfxDevice: creating device client; kGfxThreadingModeNonThreaded
Direct3D:
    Version:         Direct3D 12 [level 12.1]
    Renderer:        NVIDIA GeForce RTX 3060 Ti (ID=0x2489)
    Vendor:          NVIDIA
    VRAM:            8024 MB
    App VRAM Budget: 7256 MB
    Driver:          32.0.15.6094
Initialize mono
Mono path[0] = 'C:/Unity Editor/6000.1.13f1/Editor/Data/Managed'
Mono path[1] = 'C:/Unity Editor/6000.1.13f1/Editor/Data/MonoBleedingEdge/lib/mono/unityjit-win32'
Mono config path = 'C:/Unity Editor/6000.1.13f1/Editor/Data/MonoBleedingEdge/etc'
Using monoOptions --debugger-agent=transport=dt_socket,embedding=1,server=y,suspend=n,address=127.0.0.1:56032
Begin MonoManager ReloadAssembly
Registering precompiled unity dll's ...
Register platform support module: C:/Unity Editor/6000.1.13f1/Editor/Data/PlaybackEngines/WindowsStandaloneSupport/UnityEditor.WindowsStandalone.Extensions.dll
Registered in 0.006913 seconds.
- Loaded All Assemblies, in  0.605 seconds
Native extension for WindowsStandalone target not found
Mono: successfully reloaded assembly
- Finished resetting the current domain, in  0.478 seconds
Domain Reload Profiling: 1074ms
	BeginReloadAssembly (231ms)
		ExecutionOrderSort (0ms)
		DisableScriptedObjects (0ms)
		BackupInstance (0ms)
		ReleaseScriptingObjects (0ms)
		CreateAndSetChildDomain (1ms)
	RebuildCommonClasses (56ms)
	RebuildNativeTypeToScriptingClass (16ms)
	initialDomainReloadingComplete (78ms)
	LoadAllAssembliesAndSetupDomain (215ms)
		LoadAssemblies (224ms)
		RebuildTransferFunctionScriptingTraits (0ms)
		AnalyzeDomain (211ms)
			TypeCache.Refresh (210ms)
				TypeCache.ScanAssembly (191ms)
			BuildScriptInfoCaches (0ms)
			ResolveRequiredComponents (1ms)
	FinalizeReload (479ms)
		ReleaseScriptCaches (0ms)
		RebuildScriptCaches (0ms)
		SetupLoadedEditorAssemblies (423ms)
			LogAssemblyErrors (0ms)
			InitializePlatformSupportModulesInManaged (67ms)
			SetLoadedEditorAssemblies (4ms)
			BeforeProcessingInitializeOnLoad (87ms)
			ProcessInitializeOnLoadAttributes (205ms)
			ProcessInitializeOnLoadMethodAttributes (60ms)
			AfterProcessingInitializeOnLoad (0ms)
			EditorAssembliesLoaded (0ms)
		ExecutionOrderSort2 (0ms)
		AwakeInstancesAfterBackupRestoration (0ms)
========================================================================
Worker process is ready to serve import requests
Import Worker Mode flag is 0x00
Begin MonoManager ReloadAssembly
- Loaded All Assemblies, in  1.107 seconds
Refreshing native plugins compatible for Editor in 2.25 ms, found 3 plugins.
Native extension for WindowsStandalone target not found
Mono: successfully reloaded assembly
- Finished resetting the current domain, in  0.897 seconds
Domain Reload Profiling: 1991ms
	BeginReloadAssembly (239ms)
		ExecutionOrderSort (0ms)
		DisableScriptedObjects (6ms)
		BackupInstance (0ms)
		ReleaseScriptingObjects (0ms)
		CreateAndSetChildDomain (40ms)
	RebuildCommonClasses (35ms)
	RebuildNativeTypeToScriptingClass (12ms)
	initialDomainReloadingComplete (50ms)
	LoadAllAssembliesAndSetupDomain (756ms)
		LoadAssemblies (586ms)
		RebuildTransferFunctionScriptingTraits (0ms)
		AnalyzeDomain (318ms)
			TypeCache.Refresh (241ms)
				TypeCache.ScanAssembly (218ms)
			BuildScriptInfoCaches (58ms)
			ResolveRequiredComponents (12ms)
	FinalizeReload (898ms)
		ReleaseScriptCaches (0ms)
		RebuildScriptCaches (0ms)
		SetupLoadedEditorAssemblies (664ms)
			LogAssemblyErrors (0ms)
			InitializePlatformSupportModulesInManaged (2ms)
			SetLoadedEditorAssemblies (4ms)
			BeforeProcessingInitializeOnLoad (194ms)
			ProcessInitializeOnLoadAttributes (386ms)
			ProcessInitializeOnLoadMethodAttributes (64ms)
			AfterProcessingInitializeOnLoad (14ms)
			EditorAssembliesLoaded (0ms)
		ExecutionOrderSort2 (0ms)
		AwakeInstancesAfterBackupRestoration (16ms)
Launched and connected shader compiler UnityShaderCompiler.exe after 0.02 seconds
Refreshing native plugins compatible for Editor in 2.70 ms, found 3 plugins.
Preloading 0 native plugins for Editor in 0.00 ms.
Unloading 12 Unused Serialized files (Serialized files now loaded: 0)
Unloading 6108 unused Assets / (4.1 MB). Loaded Objects now: 6810.
Memory consumption went from 134.4 MB to 130.3 MB.
Total: 11.831400 ms (FindLiveObjects: 1.149000 ms CreateObjectMapping: 0.966500 ms MarkObjects: 5.803100 ms  DeleteObjects: 3.912200 ms)

========================================================================
Received Import Request.
  Time since last request: 1071056.359495 seconds.
  path: Assets/Splites/IsoTilemaps-basic/Tilemaps/Isometric/Tiles/Basic/base16.asset
  artifactKey: Guid(47f1efda67f6ae2498262cd88b907fa6) Importer(815301076,1909f56bfc062723c751e8b465ee728b)
Start importing Assets/Splites/IsoTilemaps-basic/Tilemaps/Isometric/Tiles/Basic/base16.asset using Guid(47f1efda67f6ae2498262cd88b907fa6) Importer(815301076,1909f56bfc062723c751e8b465ee728b) (PreviewImporter) -> (artifact id: 'c669e1568e1ef9bd218f92fb3d103052') in 0.1248496 seconds
Number of updated asset objects reloaded before import = 0Number of asset objects unloaded after import = 3

========================================================================
Received Import Request.
  Time since last request: 0.000023 seconds.
  path: Assets/Splites/IsoTilemaps-basic/Tilemaps/Isometric/Tiles/Basic/cube06.asset
  artifactKey: Guid(63e3f893eb615ee408d14701087bf118) Importer(815301076,1909f56bfc062723c751e8b465ee728b)
Start importing Assets/Splites/IsoTilemaps-basic/Tilemaps/Isometric/Tiles/Basic/cube06.asset using Guid(63e3f893eb615ee408d14701087bf118) Importer(815301076,1909f56bfc062723c751e8b465ee728b) (PreviewImporter) -> (artifact id: '9db44e775d9d2a2b7fad6d1b11c2ed14') in 0.0268543 seconds
Number of updated asset objects reloaded before import = 0Number of asset objects unloaded after import = 3

========================================================================
Received Import Request.
  Time since last request: 0.000025 seconds.
  path: Assets/Splites/IsoTilemaps-basic/Tilemaps/Isometric/Tiles/Basic/base12.asset
  artifactKey: Guid(2e03055b52200534b9543ed63dba8f30) Importer(815301076,1909f56bfc062723c751e8b465ee728b)
Start importing Assets/Splites/IsoTilemaps-basic/Tilemaps/Isometric/Tiles/Basic/base12.asset using Guid(2e03055b52200534b9543ed63dba8f30) Importer(815301076,1909f56bfc062723c751e8b465ee728b) (PreviewImporter) -> (artifact id: '12764b2ef705858431f9a93a426f37c2') in 0.016839 seconds
Number of updated asset objects reloaded before import = 0Number of asset objects unloaded after import = 3

========================================================================
Received Import Request.
  Time since last request: 0.000016 seconds.
  path: Assets/Splites/IsoTilemaps-basic/Tilemaps/Isometric/Tiles/Basic/base14.asset
  artifactKey: Guid(4116832f03f23914f93a0738402e417f) Importer(815301076,1909f56bfc062723c751e8b465ee728b)
Start importing Assets/Splites/IsoTilemaps-basic/Tilemaps/Isometric/Tiles/Basic/base14.asset using Guid(4116832f03f23914f93a0738402e417f) Importer(815301076,1909f56bfc062723c751e8b465ee728b) (PreviewImporter) -> (artifact id: 'e206346b072363548d1c88f2e33c89ab') in 0.0156603 seconds
Number of updated asset objects reloaded before import = 0Number of asset objects unloaded after import = 3

========================================================================
Received Import Request.
  Time since last request: 0.000014 seconds.
  path: Assets/Splites/IsoTilemaps-basic/Tilemaps/Isometric/Tiles/Basic/base15.asset
  artifactKey: Guid(3d3a72f43c9fd8e4a9c29b46182b914b) Importer(815301076,1909f56bfc062723c751e8b465ee728b)
Start importing Assets/Splites/IsoTilemaps-basic/Tilemaps/Isometric/Tiles/Basic/base15.asset using Guid(3d3a72f43c9fd8e4a9c29b46182b914b) Importer(815301076,1909f56bfc062723c751e8b465ee728b) (PreviewImporter) -> (artifact id: '25350e808900f22e92b2cadf7087d877') in 0.0153585 seconds
Number of updated asset objects reloaded before import = 0Number of asset objects unloaded after import = 3

========================================================================
Received Import Request.
  Time since last request: 0.000016 seconds.
  path: Assets/Splites/IsoTilemaps-basic/Tilemaps/Isometric/Tiles/Basic/base04.asset
  artifactKey: Guid(7f6f6721e792da848b6b13f8e7ab1740) Importer(815301076,1909f56bfc062723c751e8b465ee728b)
Start importing Assets/Splites/IsoTilemaps-basic/Tilemaps/Isometric/Tiles/Basic/base04.asset using Guid(7f6f6721e792da848b6b13f8e7ab1740) Importer(815301076,1909f56bfc062723c751e8b465ee728b) (PreviewImporter) -> (artifact id: 'd4507005d0ccb76e25394ae9e08f67af') in 0.0160915 seconds
Number of updated asset objects reloaded before import = 0Number of asset objects unloaded after import = 3

========================================================================
Received Import Request.
  Time since last request: 0.000027 seconds.
  path: Assets/Splites/IsoTilemaps-basic/Tilemaps/Isometric/Tiles/Basic/slope.asset
  artifactKey: Guid(2b1703db058bd9d4b95af532f3a5b8f2) Importer(815301076,1909f56bfc062723c751e8b465ee728b)
Start importing Assets/Splites/IsoTilemaps-basic/Tilemaps/Isometric/Tiles/Basic/slope.asset using Guid(2b1703db058bd9d4b95af532f3a5b8f2) Importer(815301076,1909f56bfc062723c751e8b465ee728b) (PreviewImporter) -> (artifact id: '7173266b3d940752ad062fd4fc8bc757') in 0.0152121 seconds
Number of updated asset objects reloaded before import = 0Number of asset objects unloaded after import = 3

========================================================================
Received Import Request.
  Time since last request: 0.673200 seconds.
  path: Assets/Splites/IsoTilemaps-basic/Tilemaps/Isometric/Tiles/Desert/desert-sliced_01.asset
  artifactKey: Guid(d76927772baa0de46ad29ec17c378c42) Importer(815301076,1909f56bfc062723c751e8b465ee728b)
Start importing Assets/Splites/IsoTilemaps-basic/Tilemaps/Isometric/Tiles/Desert/desert-sliced_01.asset using Guid(d76927772baa0de46ad29ec17c378c42) Importer(815301076,1909f56bfc062723c751e8b465ee728b) (PreviewImporter) -> (artifact id: 'd2ba4e508409723d9186d5b9913cfe48') in 0.0201201 seconds
Number of updated asset objects reloaded before import = 0Number of asset objects unloaded after import = 3

========================================================================
Received Import Request.
  Time since last request: 0.000020 seconds.
  path: Assets/Splites/IsoTilemaps-basic/Tilemaps/Isometric/Tiles/Desert/desert-sliced_40.asset
  artifactKey: Guid(3357d57df0f6b7240bef65ab697e086a) Importer(815301076,1909f56bfc062723c751e8b465ee728b)
Start importing Assets/Splites/IsoTilemaps-basic/Tilemaps/Isometric/Tiles/Desert/desert-sliced_40.asset using Guid(3357d57df0f6b7240bef65ab697e086a) Importer(815301076,1909f56bfc062723c751e8b465ee728b) (PreviewImporter) -> (artifact id: '170ae842af0afc21a700e485b49160a4') in 0.0190192 seconds
Number of updated asset objects reloaded before import = 0Number of asset objects unloaded after import = 3

========================================================================
Received Import Request.
  Time since last request: 0.000021 seconds.
  path: Assets/Splites/IsoTilemaps-basic/Tilemaps/Isometric/Tiles/Desert/desert-sliced_51.asset
  artifactKey: Guid(4dd11701d5f4b7f419be05014bec3235) Importer(815301076,1909f56bfc062723c751e8b465ee728b)
Start importing Assets/Splites/IsoTilemaps-basic/Tilemaps/Isometric/Tiles/Desert/desert-sliced_51.asset using Guid(4dd11701d5f4b7f419be05014bec3235) Importer(815301076,1909f56bfc062723c751e8b465ee728b) (PreviewImporter) -> (artifact id: '593700ffa10416d7a8c81cc3d846a6b9') in 0.0151043 seconds
Number of updated asset objects reloaded before import = 0Number of asset objects unloaded after import = 3

========================================================================
Received Import Request.
  Time since last request: 0.000016 seconds.
  path: Assets/Splites/IsoTilemaps-basic/Tilemaps/Isometric/Tiles/Desert/desert-sliced_57.asset
  artifactKey: Guid(b075f4cdc953870478268d120e29347b) Importer(815301076,1909f56bfc062723c751e8b465ee728b)
Start importing Assets/Splites/IsoTilemaps-basic/Tilemaps/Isometric/Tiles/Desert/desert-sliced_57.asset using Guid(b075f4cdc953870478268d120e29347b) Importer(815301076,1909f56bfc062723c751e8b465ee728b) (PreviewImporter) -> (artifact id: '833efc96e5cd411fdd75ba3d58da14af') in 0.015006 seconds
Number of updated asset objects reloaded before import = 0Number of asset objects unloaded after import = 3

========================================================================
Received Import Request.
  Time since last request: 0.000015 seconds.
  path: Assets/Splites/IsoTilemaps-basic/Tilemaps/Isometric/Tiles/Desert/desert-sliced_16.asset
  artifactKey: Guid(fa7cc7b9ec6e03c48ac305232a857825) Importer(815301076,1909f56bfc062723c751e8b465ee728b)
Start importing Assets/Splites/IsoTilemaps-basic/Tilemaps/Isometric/Tiles/Desert/desert-sliced_16.asset using Guid(fa7cc7b9ec6e03c48ac305232a857825) Importer(815301076,1909f56bfc062723c751e8b465ee728b) (PreviewImporter) -> (artifact id: '6746a7d8f3c8c151c7f5998c042eff46') in 0.0146817 seconds
Number of updated asset objects reloaded before import = 0Number of asset objects unloaded after import = 3

========================================================================
Received Import Request.
  Time since last request: 0.000017 seconds.
  path: Assets/Splites/IsoTilemaps-basic/Tilemaps/Isometric/Tiles/Desert/desert-sliced_36.asset
  artifactKey: Guid(2696894104f25e440bd18fa6f6f54e1a) Importer(815301076,1909f56bfc062723c751e8b465ee728b)
Start importing Assets/Splites/IsoTilemaps-basic/Tilemaps/Isometric/Tiles/Desert/desert-sliced_36.asset using Guid(2696894104f25e440bd18fa6f6f54e1a) Importer(815301076,1909f56bfc062723c751e8b465ee728b) (PreviewImporter) -> (artifact id: 'b50b2795cdb065bf9ff93f22f5ec1405') in 0.0149335 seconds
Number of updated asset objects reloaded before import = 0Number of asset objects unloaded after import = 3

========================================================================
Received Import Request.
  Time since last request: 0.000021 seconds.
  path: Assets/Splites/IsoTilemaps-basic/Tilemaps/Isometric/Tiles/Desert/desert-sliced_21.asset
  artifactKey: Guid(65e81a20fb07def41a8b64ce62c63366) Importer(815301076,1909f56bfc062723c751e8b465ee728b)
Start importing Assets/Splites/IsoTilemaps-basic/Tilemaps/Isometric/Tiles/Desert/desert-sliced_21.asset using Guid(65e81a20fb07def41a8b64ce62c63366) Importer(815301076,1909f56bfc062723c751e8b465ee728b) (PreviewImporter) -> (artifact id: '8b131021982e6b6559c343af42f95656') in 0.0137365 seconds
Number of updated asset objects reloaded before import = 0Number of asset objects unloaded after import = 3

========================================================================
Received Import Request.
  Time since last request: 0.000015 seconds.
  path: Assets/Splites/IsoTilemaps-basic/Tilemaps/Isometric/Tiles/Desert/desert-sliced_54.asset
  artifactKey: Guid(6118b6e7620cc9a498b5d60c6ae37079) Importer(815301076,1909f56bfc062723c751e8b465ee728b)
Start importing Assets/Splites/IsoTilemaps-basic/Tilemaps/Isometric/Tiles/Desert/desert-sliced_54.asset using Guid(6118b6e7620cc9a498b5d60c6ae37079) Importer(815301076,1909f56bfc062723c751e8b465ee728b) (PreviewImporter) -> (artifact id: '4547b2f09d0f93525be6ddc9733378ad') in 0.0129994 seconds
Number of updated asset objects reloaded before import = 0Number of asset objects unloaded after import = 3

========================================================================
Received Import Request.
  Time since last request: 0.000013 seconds.
  path: Assets/Splites/IsoTilemaps-basic/Tilemaps/Isometric/Tiles/Desert/desert-sliced_41.asset
  artifactKey: Guid(5515c8eaa16266c44971967df69ef925) Importer(815301076,1909f56bfc062723c751e8b465ee728b)
Start importing Assets/Splites/IsoTilemaps-basic/Tilemaps/Isometric/Tiles/Desert/desert-sliced_41.asset using Guid(5515c8eaa16266c44971967df69ef925) Importer(815301076,1909f56bfc062723c751e8b465ee728b) (PreviewImporter) -> (artifact id: '36ecfbcaf7beffd7ad0bb0b9ff760b9d') in 0.015676 seconds
Number of updated asset objects reloaded before import = 0Number of asset objects unloaded after import = 3

========================================================================
Received Import Request.
  Time since last request: 0.000018 seconds.
  path: Assets/Splites/IsoTilemaps-basic/Tilemaps/Isometric/Tiles/Desert/desert-sliced_33.asset
  artifactKey: Guid(2b644124a2045dc408688741bdee5461) Importer(815301076,1909f56bfc062723c751e8b465ee728b)
Start importing Assets/Splites/IsoTilemaps-basic/Tilemaps/Isometric/Tiles/Desert/desert-sliced_33.asset using Guid(2b644124a2045dc408688741bdee5461) Importer(815301076,1909f56bfc062723c751e8b465ee728b) (PreviewImporter) -> (artifact id: 'bce9dd732d7dd6d18a8c0aa4b4598da2') in 0.012886 seconds
Number of updated asset objects reloaded before import = 0Number of asset objects unloaded after import = 3

========================================================================
Received Import Request.
  Time since last request: 0.000020 seconds.
  path: Assets/Splites/IsoTilemaps-basic/Tilemaps/Isometric/Tiles/Desert/desert-sliced_47.asset
  artifactKey: Guid(66d2f82e17c6d904882a5690a96f6ac3) Importer(815301076,1909f56bfc062723c751e8b465ee728b)
Start importing Assets/Splites/IsoTilemaps-basic/Tilemaps/Isometric/Tiles/Desert/desert-sliced_47.asset using Guid(66d2f82e17c6d904882a5690a96f6ac3) Importer(815301076,1909f56bfc062723c751e8b465ee728b) (PreviewImporter) -> (artifact id: '687feac294134f0ecefb597152700364') in 0.0157335 seconds
Number of updated asset objects reloaded before import = 0Number of asset objects unloaded after import = 3

========================================================================
Received Import Request.
  Time since last request: 0.000013 seconds.
  path: Assets/Splites/IsoTilemaps-basic/Tilemaps/Isometric/Tiles/Desert/desert-sliced_22.asset
  artifactKey: Guid(a4f61ffa037262f43bf5185f2b0a07f5) Importer(815301076,1909f56bfc062723c751e8b465ee728b)
Start importing Assets/Splites/IsoTilemaps-basic/Tilemaps/Isometric/Tiles/Desert/desert-sliced_22.asset using Guid(a4f61ffa037262f43bf5185f2b0a07f5) Importer(815301076,1909f56bfc062723c751e8b465ee728b) (PreviewImporter) -> (artifact id: '8aac9cdc821a20434543f62e3aa5f08d') in 0.0130098 seconds
Number of updated asset objects reloaded before import = 0Number of asset objects unloaded after import = 3

========================================================================
Received Import Request.
  Time since last request: 0.000014 seconds.
  path: Assets/Splites/IsoTilemaps-basic/Tilemaps/Isometric/Tiles/Desert/desert-sliced_23.asset
  artifactKey: Guid(83e2c005ad9933742b7544a24f40a3d7) Importer(815301076,1909f56bfc062723c751e8b465ee728b)
Start importing Assets/Splites/IsoTilemaps-basic/Tilemaps/Isometric/Tiles/Desert/desert-sliced_23.asset using Guid(83e2c005ad9933742b7544a24f40a3d7) Importer(815301076,1909f56bfc062723c751e8b465ee728b) (PreviewImporter) -> (artifact id: 'bb974b0e630b8018582c96455b7a0fa0') in 0.0149488 seconds
Number of updated asset objects reloaded before import = 0Number of asset objects unloaded after import = 3

Editor requested this worker to shutdown with reason: Scaling down because of idle timeout
AssetImportWorker is now disconnected from the server
Process exiting
Exiting without the bug reporter. Application will terminate with return code 0