Using pre-set license
Built from '6000.1/staging' branch; Version is '6000.1.13f1 (418bd0acaa6b) revision 4295632'; Using compiler version '194234433'; Build Type 'Release'
OS: 'Windows 11  (10.0.26100) 64bit Education' Language: 'ko' Physical Memory: 32682 MB
BatchMode: 1, IsHumanControllingUs: 0, StartBugReporterOnCrash: 0, Is64bit: 1, IsPro: 1
Date: 2025-07-24T13:36:59Z

COMMAND LINE ARGUMENTS:
C:\Unity Editor\6000.1.13f1\Editor\Unity.exe
-adb2
-batchMode
-noUpm
-name
AssetImportWorker0
-projectPath
C:/Unity Project/Isometric
-logFile
Logs/AssetImportWorker0.log
-srvPort
58625
-job-worker-count
5
-background-job-worker-count
8
-gc-helper-count
1
-name
AssetImport
Successfully changed project path to: C:/Unity Project/Isometric
C:/Unity Project/Isometric
[UnityMemory] Configuration Parameters - Can be set up in boot.config
    "memorysetup-allocator-temp-initial-block-size-main=262144"
    "memorysetup-allocator-temp-initial-block-size-worker=262144"
    "memorysetup-bucket-allocator-granularity=16"
    "memorysetup-bucket-allocator-bucket-count=8"
    "memorysetup-bucket-allocator-block-size=33554432"
    "memorysetup-bucket-allocator-block-count=8"
    "memorysetup-main-allocator-block-size=16777216"
    "memorysetup-thread-allocator-block-size=16777216"
    "memorysetup-gfx-main-allocator-block-size=16777216"
    "memorysetup-gfx-thread-allocator-block-size=16777216"
    "memorysetup-cache-allocator-block-size=4194304"
    "memorysetup-typetree-allocator-block-size=2097152"
    "memorysetup-profiler-bucket-allocator-granularity=16"
    "memorysetup-profiler-bucket-allocator-bucket-count=8"
    "memorysetup-profiler-bucket-allocator-block-size=33554432"
    "memorysetup-profiler-bucket-allocator-block-count=8"
    "memorysetup-profiler-allocator-block-size=16777216"
    "memorysetup-profiler-editor-allocator-block-size=1048576"
    "memorysetup-temp-allocator-size-main=16777216"
    "memorysetup-job-temp-allocator-block-size=2097152"
    "memorysetup-job-temp-allocator-block-size-background=1048576"
    "memorysetup-job-temp-allocator-reduction-small-platforms=262144"
    "memorysetup-temp-allocator-size-background-worker=32768"
    "memorysetup-temp-allocator-size-job-worker=262144"
    "memorysetup-temp-allocator-size-preload-manager=33554432"
    "memorysetup-temp-allocator-size-nav-mesh-worker=65536"
    "memorysetup-temp-allocator-size-audio-worker=65536"
    "memorysetup-temp-allocator-size-cloud-worker=32768"
    "memorysetup-temp-allocator-size-gi-baking-worker=262144"
    "memorysetup-temp-allocator-size-gi-baking-worker=262144"
    "memorysetup-temp-allocator-size-gi-baking-worker=262144"
    "memorysetup-temp-allocator-size-gi-baking-worker=262144"
    "memorysetup-temp-allocator-size-gi-baking-worker=262144"
    "memorysetup-temp-allocator-size-gfx=262144"
Player connection [31812]  Target information:

Player connection [31812]  * "[IP] 192.168.219.104 [Port] 0 [Flags] 2 [Guid] 527749872 [EditorId] 527749872 [Version] 1048832 [Id] WindowsEditor(7,DESKTOP-U1O58T1) [Debug] 1 [PackageName] WindowsEditor [ProjectName] Editor" 

Player connection [31812] Host joined multi-casting on [225.0.0.222:54997]...
Player connection [31812] Host joined alternative multi-casting on [225.0.0.222:34997]...
JobSystem: Creating JobQueue using job-worker-count value 5
Input System module state changed to: Initialized.
[Physics::Module] Initialized fallback backend.
[Physics::Module] Id: 0xdecafbad
Library Redirect Path: Library/
[Physics::Module] Selected backend.
[Physics::Module] Name: PhysX
[Physics::Module] Id: 0xf2b8ea05
[Physics::Module] SDK Version: 4.1.2
[Physics::Module] Integration Version: 1.0.0
[Physics::Module] Threading Mode: Multi-Threaded
Refreshing native plugins compatible for Editor in 4.25 ms, found 3 plugins.
Preloading 0 native plugins for Editor in 0.00 ms.
Initialize engine version: 6000.1.13f1 (418bd0acaa6b)
[Subsystems] Discovering subsystems at path C:/Unity Editor/6000.1.13f1/Editor/Data/Resources/UnitySubsystems
[Subsystems] Discovering subsystems at path C:/Unity Project/Isometric/Assets
GfxDevice: creating device client; kGfxThreadingModeNonThreaded
Direct3D:
    Version:         Direct3D 12 [level 12.1]
    Renderer:        NVIDIA GeForce RTX 3060 Ti (ID=0x2489)
    Vendor:          NVIDIA
    VRAM:            8024 MB
    App VRAM Budget: 7256 MB
    Driver:          32.0.15.6094
Initialize mono
Mono path[0] = 'C:/Unity Editor/6000.1.13f1/Editor/Data/Managed'
Mono path[1] = 'C:/Unity Editor/6000.1.13f1/Editor/Data/MonoBleedingEdge/lib/mono/unityjit-win32'
Mono config path = 'C:/Unity Editor/6000.1.13f1/Editor/Data/MonoBleedingEdge/etc'
Using monoOptions --debugger-agent=transport=dt_socket,embedding=1,server=y,suspend=n,address=127.0.0.1:56332
Begin MonoManager ReloadAssembly
Registering precompiled unity dll's ...
Register platform support module: C:/Unity Editor/6000.1.13f1/Editor/Data/PlaybackEngines/WindowsStandaloneSupport/UnityEditor.WindowsStandalone.Extensions.dll
Registered in 0.006526 seconds.
- Loaded All Assemblies, in  0.608 seconds
Native extension for WindowsStandalone target not found
Mono: successfully reloaded assembly
- Finished resetting the current domain, in  0.485 seconds
Domain Reload Profiling: 1083ms
	BeginReloadAssembly (230ms)
		ExecutionOrderSort (0ms)
		DisableScriptedObjects (0ms)
		BackupInstance (0ms)
		ReleaseScriptingObjects (0ms)
		CreateAndSetChildDomain (1ms)
	RebuildCommonClasses (52ms)
	RebuildNativeTypeToScriptingClass (15ms)
	initialDomainReloadingComplete (78ms)
	LoadAllAssembliesAndSetupDomain (224ms)
		LoadAssemblies (223ms)
		RebuildTransferFunctionScriptingTraits (0ms)
		AnalyzeDomain (220ms)
			TypeCache.Refresh (218ms)
				TypeCache.ScanAssembly (197ms)
			BuildScriptInfoCaches (0ms)
			ResolveRequiredComponents (1ms)
	FinalizeReload (485ms)
		ReleaseScriptCaches (0ms)
		RebuildScriptCaches (0ms)
		SetupLoadedEditorAssemblies (428ms)
			LogAssemblyErrors (0ms)
			InitializePlatformSupportModulesInManaged (70ms)
			SetLoadedEditorAssemblies (5ms)
			BeforeProcessingInitializeOnLoad (92ms)
			ProcessInitializeOnLoadAttributes (196ms)
			ProcessInitializeOnLoadMethodAttributes (65ms)
			AfterProcessingInitializeOnLoad (0ms)
			EditorAssembliesLoaded (0ms)
		ExecutionOrderSort2 (0ms)
		AwakeInstancesAfterBackupRestoration (0ms)
========================================================================
Worker process is ready to serve import requests
Import Worker Mode flag is 0x00
Begin MonoManager ReloadAssembly
- Loaded All Assemblies, in  1.098 seconds
Refreshing native plugins compatible for Editor in 2.29 ms, found 3 plugins.
Native extension for WindowsStandalone target not found
Mono: successfully reloaded assembly
- Finished resetting the current domain, in  0.883 seconds
Domain Reload Profiling: 1969ms
	BeginReloadAssembly (249ms)
		ExecutionOrderSort (0ms)
		DisableScriptedObjects (6ms)
		BackupInstance (0ms)
		ReleaseScriptingObjects (0ms)
		CreateAndSetChildDomain (40ms)
	RebuildCommonClasses (36ms)
	RebuildNativeTypeToScriptingClass (10ms)
	initialDomainReloadingComplete (51ms)
	LoadAllAssembliesAndSetupDomain (740ms)
		LoadAssemblies (596ms)
		RebuildTransferFunctionScriptingTraits (0ms)
		AnalyzeDomain (297ms)
			TypeCache.Refresh (219ms)
				TypeCache.ScanAssembly (198ms)
			BuildScriptInfoCaches (60ms)
			ResolveRequiredComponents (12ms)
	FinalizeReload (883ms)
		ReleaseScriptCaches (0ms)
		RebuildScriptCaches (0ms)
		SetupLoadedEditorAssemblies (650ms)
			LogAssemblyErrors (0ms)
			InitializePlatformSupportModulesInManaged (2ms)
			SetLoadedEditorAssemblies (4ms)
			BeforeProcessingInitializeOnLoad (198ms)
			ProcessInitializeOnLoadAttributes (367ms)
			ProcessInitializeOnLoadMethodAttributes (66ms)
			AfterProcessingInitializeOnLoad (12ms)
			EditorAssembliesLoaded (0ms)
		ExecutionOrderSort2 (0ms)
		AwakeInstancesAfterBackupRestoration (19ms)
Launched and connected shader compiler UnityShaderCompiler.exe after 0.02 seconds
Refreshing native plugins compatible for Editor in 2.55 ms, found 3 plugins.
Preloading 0 native plugins for Editor in 0.00 ms.
Unloading 12 Unused Serialized files (Serialized files now loaded: 0)
Unloading 6108 unused Assets / (4.4 MB). Loaded Objects now: 6810.
Memory consumption went from 134.3 MB to 129.9 MB.
Total: 11.495600 ms (FindLiveObjects: 0.761800 ms CreateObjectMapping: 1.129700 ms MarkObjects: 5.818500 ms  DeleteObjects: 3.784800 ms)

========================================================================
Received Import Request.
  Time since last request: 1071056.357131 seconds.
  path: Assets/Splites/IsoTilemaps-basic/Tilemaps/Isometric/Tiles/Basic/cube08.asset
  artifactKey: Guid(e748d2e479399244b93bc2783c87325c) Importer(815301076,1909f56bfc062723c751e8b465ee728b)
Start importing Assets/Splites/IsoTilemaps-basic/Tilemaps/Isometric/Tiles/Basic/cube08.asset using Guid(e748d2e479399244b93bc2783c87325c) Importer(815301076,1909f56bfc062723c751e8b465ee728b) (PreviewImporter) -> (artifact id: '9297db376a5474aa3a30a22e3ade846a') in 0.1270906 seconds
Number of updated asset objects reloaded before import = 0Number of asset objects unloaded after import = 3

========================================================================
Received Import Request.
  Time since last request: 0.000030 seconds.
  path: Assets/Splites/IsoTilemaps-basic/Tilemaps/Isometric/Tiles/Basic/base09.asset
  artifactKey: Guid(af0526b8124faeb409d7f3109740c5bd) Importer(815301076,1909f56bfc062723c751e8b465ee728b)
Start importing Assets/Splites/IsoTilemaps-basic/Tilemaps/Isometric/Tiles/Basic/base09.asset using Guid(af0526b8124faeb409d7f3109740c5bd) Importer(815301076,1909f56bfc062723c751e8b465ee728b) (PreviewImporter) -> (artifact id: '9dad5135392ee36a193df036ce223abf') in 0.0274503 seconds
Number of updated asset objects reloaded before import = 0Number of asset objects unloaded after import = 3

========================================================================
Received Import Request.
  Time since last request: 0.000026 seconds.
  path: Assets/Splites/IsoTilemaps-basic/Tilemaps/Isometric/Tiles/Basic/cube03.asset
  artifactKey: Guid(ee09ca48676a31d46ac6f7e08d45668d) Importer(815301076,1909f56bfc062723c751e8b465ee728b)
Start importing Assets/Splites/IsoTilemaps-basic/Tilemaps/Isometric/Tiles/Basic/cube03.asset using Guid(ee09ca48676a31d46ac6f7e08d45668d) Importer(815301076,1909f56bfc062723c751e8b465ee728b) (PreviewImporter) -> (artifact id: '881fdc11340edab0123e3719787c1319') in 0.0161494 seconds
Number of updated asset objects reloaded before import = 0Number of asset objects unloaded after import = 3

========================================================================
Received Import Request.
  Time since last request: 0.000017 seconds.
  path: Assets/Splites/IsoTilemaps-basic/Tilemaps/Isometric/Tiles/Basic/cube14.asset
  artifactKey: Guid(ef7c9b40a44950b4283eccff593cef2d) Importer(815301076,1909f56bfc062723c751e8b465ee728b)
Start importing Assets/Splites/IsoTilemaps-basic/Tilemaps/Isometric/Tiles/Basic/cube14.asset using Guid(ef7c9b40a44950b4283eccff593cef2d) Importer(815301076,1909f56bfc062723c751e8b465ee728b) (PreviewImporter) -> (artifact id: 'a3dc19771d84d16c03ed3fceece3139d') in 0.0181088 seconds
Number of updated asset objects reloaded before import = 0Number of asset objects unloaded after import = 3

========================================================================
Received Import Request.
  Time since last request: 0.000016 seconds.
  path: Assets/Splites/IsoTilemaps-basic/Tilemaps/Isometric/Tiles/Basic/cube13.asset
  artifactKey: Guid(82cc9099fa2c49e43b43ce88d0dcf499) Importer(815301076,1909f56bfc062723c751e8b465ee728b)
Start importing Assets/Splites/IsoTilemaps-basic/Tilemaps/Isometric/Tiles/Basic/cube13.asset using Guid(82cc9099fa2c49e43b43ce88d0dcf499) Importer(815301076,1909f56bfc062723c751e8b465ee728b) (PreviewImporter) -> (artifact id: 'bd8de15e17de618f2314b592599a46fb') in 0.0153658 seconds
Number of updated asset objects reloaded before import = 0Number of asset objects unloaded after import = 3

========================================================================
Received Import Request.
  Time since last request: 0.000017 seconds.
  path: Assets/Splites/IsoTilemaps-basic/Tilemaps/Isometric/Tiles/Basic/base06.asset
  artifactKey: Guid(0f643680892771843bb32822400777a5) Importer(815301076,1909f56bfc062723c751e8b465ee728b)
Start importing Assets/Splites/IsoTilemaps-basic/Tilemaps/Isometric/Tiles/Basic/base06.asset using Guid(0f643680892771843bb32822400777a5) Importer(815301076,1909f56bfc062723c751e8b465ee728b) (PreviewImporter) -> (artifact id: '54979a6d1aa39a61acb5ba65330ff394') in 0.0199619 seconds
Number of updated asset objects reloaded before import = 0Number of asset objects unloaded after import = 3

========================================================================
Received Import Request.
  Time since last request: 0.000024 seconds.
  path: Assets/Splites/IsoTilemaps-basic/Tilemaps/Isometric/Tiles/Basic/base02.asset
  artifactKey: Guid(a40393526042f8248b05fcfd1ba28914) Importer(815301076,1909f56bfc062723c751e8b465ee728b)
Start importing Assets/Splites/IsoTilemaps-basic/Tilemaps/Isometric/Tiles/Basic/base02.asset using Guid(a40393526042f8248b05fcfd1ba28914) Importer(815301076,1909f56bfc062723c751e8b465ee728b) (PreviewImporter) -> (artifact id: 'c1e921046c9c096d39b614e6a5a2cc1c') in 0.0153967 seconds
Number of updated asset objects reloaded before import = 0Number of asset objects unloaded after import = 3

========================================================================
Received Import Request.
  Time since last request: 0.671119 seconds.
  path: Assets/Splites/IsoTilemaps-basic/Tilemaps/Isometric/Tiles/Desert/desert-sliced_03.asset
  artifactKey: Guid(b1b0746af2aa0bb49a70cab0117fe6a3) Importer(815301076,1909f56bfc062723c751e8b465ee728b)
Start importing Assets/Splites/IsoTilemaps-basic/Tilemaps/Isometric/Tiles/Desert/desert-sliced_03.asset using Guid(b1b0746af2aa0bb49a70cab0117fe6a3) Importer(815301076,1909f56bfc062723c751e8b465ee728b) (PreviewImporter) -> (artifact id: 'fad0c532b9ccaa37c5636abdeed651dd') in 0.0191696 seconds
Number of updated asset objects reloaded before import = 0Number of asset objects unloaded after import = 3

========================================================================
Received Import Request.
  Time since last request: 0.000016 seconds.
  path: Assets/Splites/IsoTilemaps-basic/Tilemaps/Isometric/Tiles/Desert/desert-sliced_20.asset
  artifactKey: Guid(7b098350d12e0f4438d1d00669e8365a) Importer(815301076,1909f56bfc062723c751e8b465ee728b)
Start importing Assets/Splites/IsoTilemaps-basic/Tilemaps/Isometric/Tiles/Desert/desert-sliced_20.asset using Guid(7b098350d12e0f4438d1d00669e8365a) Importer(815301076,1909f56bfc062723c751e8b465ee728b) (PreviewImporter) -> (artifact id: 'd7c77e95de8e10ca098738778dd8069c') in 0.019248 seconds
Number of updated asset objects reloaded before import = 0Number of asset objects unloaded after import = 3

========================================================================
Received Import Request.
  Time since last request: 0.000024 seconds.
  path: Assets/Splites/IsoTilemaps-basic/Tilemaps/Isometric/Tiles/Desert/desert-sliced_58.asset
  artifactKey: Guid(15a07906275f6bf46aaace494ef9bab9) Importer(815301076,1909f56bfc062723c751e8b465ee728b)
Start importing Assets/Splites/IsoTilemaps-basic/Tilemaps/Isometric/Tiles/Desert/desert-sliced_58.asset using Guid(15a07906275f6bf46aaace494ef9bab9) Importer(815301076,1909f56bfc062723c751e8b465ee728b) (PreviewImporter) -> (artifact id: 'fd8e524e36909f1bf7944269fa7b15aa') in 0.0157057 seconds
Number of updated asset objects reloaded before import = 0Number of asset objects unloaded after import = 3

========================================================================
Received Import Request.
  Time since last request: 0.000013 seconds.
  path: Assets/Splites/IsoTilemaps-basic/Tilemaps/Isometric/Tiles/Desert/desert-sliced_29.asset
  artifactKey: Guid(051c5b62d36b4c842bc466d4f89a19a3) Importer(815301076,1909f56bfc062723c751e8b465ee728b)
Start importing Assets/Splites/IsoTilemaps-basic/Tilemaps/Isometric/Tiles/Desert/desert-sliced_29.asset using Guid(051c5b62d36b4c842bc466d4f89a19a3) Importer(815301076,1909f56bfc062723c751e8b465ee728b) (PreviewImporter) -> (artifact id: '1cecd5394ad50350cb65177187869b93') in 0.0156435 seconds
Number of updated asset objects reloaded before import = 0Number of asset objects unloaded after import = 3

========================================================================
Received Import Request.
  Time since last request: 0.000013 seconds.
  path: Assets/Splites/IsoTilemaps-basic/Tilemaps/Isometric/Tiles/Desert/desert-sliced_44.asset
  artifactKey: Guid(3af4d46f6519f0844a8c7a37e79aefa9) Importer(815301076,1909f56bfc062723c751e8b465ee728b)
Start importing Assets/Splites/IsoTilemaps-basic/Tilemaps/Isometric/Tiles/Desert/desert-sliced_44.asset using Guid(3af4d46f6519f0844a8c7a37e79aefa9) Importer(815301076,1909f56bfc062723c751e8b465ee728b) (PreviewImporter) -> (artifact id: '7da22ff254f822584a16392fb5f77be4') in 0.0157771 seconds
Number of updated asset objects reloaded before import = 0Number of asset objects unloaded after import = 3

========================================================================
Received Import Request.
  Time since last request: 0.000018 seconds.
  path: Assets/Splites/IsoTilemaps-basic/Tilemaps/Isometric/Tiles/Desert/desert-sliced_37.asset
  artifactKey: Guid(f11f50d1dc539b54f890edf78866a3eb) Importer(815301076,1909f56bfc062723c751e8b465ee728b)
Start importing Assets/Splites/IsoTilemaps-basic/Tilemaps/Isometric/Tiles/Desert/desert-sliced_37.asset using Guid(f11f50d1dc539b54f890edf78866a3eb) Importer(815301076,1909f56bfc062723c751e8b465ee728b) (PreviewImporter) -> (artifact id: '97721289204f23eb2aebcd06ec7489be') in 0.015973 seconds
Number of updated asset objects reloaded before import = 0Number of asset objects unloaded after import = 3

========================================================================
Received Import Request.
  Time since last request: 0.000023 seconds.
  path: Assets/Splites/IsoTilemaps-basic/Tilemaps/Isometric/Tiles/Desert/desert-sliced_38.asset
  artifactKey: Guid(e4ad2df1fb6ae5147bd264dd814f04b4) Importer(815301076,1909f56bfc062723c751e8b465ee728b)
Start importing Assets/Splites/IsoTilemaps-basic/Tilemaps/Isometric/Tiles/Desert/desert-sliced_38.asset using Guid(e4ad2df1fb6ae5147bd264dd814f04b4) Importer(815301076,1909f56bfc062723c751e8b465ee728b) (PreviewImporter) -> (artifact id: '910e3a028f7310a131613ddfcb6ef5a9') in 0.0142034 seconds
Number of updated asset objects reloaded before import = 0Number of asset objects unloaded after import = 3

========================================================================
Received Import Request.
  Time since last request: 0.000016 seconds.
  path: Assets/Splites/IsoTilemaps-basic/Tilemaps/Isometric/Tiles/Desert/desert-sliced_26.asset
  artifactKey: Guid(683388ac258fcff4fb0da2552b2a4068) Importer(815301076,1909f56bfc062723c751e8b465ee728b)
Start importing Assets/Splites/IsoTilemaps-basic/Tilemaps/Isometric/Tiles/Desert/desert-sliced_26.asset using Guid(683388ac258fcff4fb0da2552b2a4068) Importer(815301076,1909f56bfc062723c751e8b465ee728b) (PreviewImporter) -> (artifact id: '818acc1cc8be5c849d858bedb4a101b9') in 0.0125369 seconds
Number of updated asset objects reloaded before import = 0Number of asset objects unloaded after import = 3

========================================================================
Received Import Request.
  Time since last request: 0.000013 seconds.
  path: Assets/Splites/IsoTilemaps-basic/Tilemaps/Isometric/Tiles/Desert/desert-sliced_09.asset
  artifactKey: Guid(bd43f6787db48de46b6dcf0aa74005c0) Importer(815301076,1909f56bfc062723c751e8b465ee728b)
Start importing Assets/Splites/IsoTilemaps-basic/Tilemaps/Isometric/Tiles/Desert/desert-sliced_09.asset using Guid(bd43f6787db48de46b6dcf0aa74005c0) Importer(815301076,1909f56bfc062723c751e8b465ee728b) (PreviewImporter) -> (artifact id: '5f8ad1bb55783d0b5930e47544e97396') in 0.0141768 seconds
Number of updated asset objects reloaded before import = 0Number of asset objects unloaded after import = 3

========================================================================
Received Import Request.
  Time since last request: 0.000017 seconds.
  path: Assets/Splites/IsoTilemaps-basic/Tilemaps/Isometric/Tiles/Desert/desert-sliced_59.asset
  artifactKey: Guid(c0880c3308093e84ab62317827eeb1d6) Importer(815301076,1909f56bfc062723c751e8b465ee728b)
Start importing Assets/Splites/IsoTilemaps-basic/Tilemaps/Isometric/Tiles/Desert/desert-sliced_59.asset using Guid(c0880c3308093e84ab62317827eeb1d6) Importer(815301076,1909f56bfc062723c751e8b465ee728b) (PreviewImporter) -> (artifact id: 'f0f43fd18823d2704039293ed6fa9f39') in 0.015233 seconds
Number of updated asset objects reloaded before import = 0Number of asset objects unloaded after import = 3

========================================================================
Received Import Request.
  Time since last request: 0.000027 seconds.
  path: Assets/Splites/IsoTilemaps-basic/Tilemaps/Isometric/Tiles/Desert/desert-sliced_15.asset
  artifactKey: Guid(8af9f9a3e3c8a4544813ccf134c6081f) Importer(815301076,1909f56bfc062723c751e8b465ee728b)
Start importing Assets/Splites/IsoTilemaps-basic/Tilemaps/Isometric/Tiles/Desert/desert-sliced_15.asset using Guid(8af9f9a3e3c8a4544813ccf134c6081f) Importer(815301076,1909f56bfc062723c751e8b465ee728b) (PreviewImporter) -> (artifact id: 'd924e9e76cc99aaa1464aef1a0899439') in 0.0149813 seconds
Number of updated asset objects reloaded before import = 0Number of asset objects unloaded after import = 3

========================================================================
Received Import Request.
  Time since last request: 0.000014 seconds.
  path: Assets/Splites/IsoTilemaps-basic/Tilemaps/Isometric/Tiles/Desert/desert-sliced_53.asset
  artifactKey: Guid(91a5d3d12044478459b926363bb0601d) Importer(815301076,1909f56bfc062723c751e8b465ee728b)
Start importing Assets/Splites/IsoTilemaps-basic/Tilemaps/Isometric/Tiles/Desert/desert-sliced_53.asset using Guid(91a5d3d12044478459b926363bb0601d) Importer(815301076,1909f56bfc062723c751e8b465ee728b) (PreviewImporter) -> (artifact id: 'c8082267823063e1fc7d30fedc07837e') in 0.0126149 seconds
Number of updated asset objects reloaded before import = 0Number of asset objects unloaded after import = 3

========================================================================
Received Import Request.
  Time since last request: 0.000015 seconds.
  path: Assets/Splites/IsoTilemaps-basic/Tilemaps/Isometric/Tiles/Desert/desert-sliced_17.asset
  artifactKey: Guid(cccec8d185e9df346b1bcb3fc8ffcaca) Importer(815301076,1909f56bfc062723c751e8b465ee728b)
Start importing Assets/Splites/IsoTilemaps-basic/Tilemaps/Isometric/Tiles/Desert/desert-sliced_17.asset using Guid(cccec8d185e9df346b1bcb3fc8ffcaca) Importer(815301076,1909f56bfc062723c751e8b465ee728b) (PreviewImporter) -> (artifact id: 'e0fa95c70a92bddf3890438ce62205b6') in 0.0163181 seconds
Number of updated asset objects reloaded before import = 0Number of asset objects unloaded after import = 3

Editor requested this worker to shutdown with reason: Scaling down because of idle timeout
AssetImportWorker is now disconnected from the server
Process exiting
Exiting without the bug reporter. Application will terminate with return code 0